2025-10-21 11:19:29.478 [main] INFO  [] chat.liuxin.liutech.LiuTechApplication - Starting LiuTechApplication using Java 21.0.5 with PID 4080 (F:\工程代码\Liutech\LiuTech\target\classes started by Administrator in F:\工程代码\Liutech)
2025-10-21 11:19:29.480 [main] INFO  [] chat.liuxin.liutech.LiuTechApplication - The following 1 profile is active: "dev"
2025-10-21 11:19:30.152 [main] INFO  [] o.s.d.r.config.RepositoryConfigurationDelegate - Multiple Spring Data modules found, entering strict repository configuration mode
2025-10-21 11:19:30.154 [main] INFO  [] o.s.d.r.config.RepositoryConfigurationDelegate - Bootstrapping Spring Data Redis repositories in DEFAULT mode.
2025-10-21 11:19:30.176 [main] INFO  [] o.s.d.r.config.RepositoryConfigurationDelegate - Finished Spring Data repository scanning in 13 ms. Found 0 Redis repository interfaces.
2025-10-21 11:19:30.739 [main] INFO  [] o.s.boot.web.embedded.tomcat.TomcatWebServer - Tomcat initialized with port 8080 (http)
2025-10-21 11:19:30.748 [main] INFO  [] org.apache.coyote.http11.Http11NioProtocol - Initializing ProtocolHandler ["http-nio-8080"]
2025-10-21 11:19:30.749 [main] INFO  [] org.apache.catalina.core.StandardService - Starting service [Tomcat]
2025-10-21 11:19:30.749 [main] INFO  [] org.apache.catalina.core.StandardEngine - Starting Servlet engine: [Apache Tomcat/10.1.46]
2025-10-21 11:19:30.780 [main] INFO  [] o.a.c.core.ContainerBase.[Tomcat].[localhost].[/] - Initializing Spring embedded WebApplicationContext
2025-10-21 11:19:30.780 [main] INFO  [] o.s.b.w.s.c.ServletWebServerApplicationContext - Root WebApplicationContext: initialization completed in 1272 ms
2025-10-21 11:19:31.021 [main] DEBUG [] c.b.m.e.spring.MybatisSqlSessionFactoryBean - Registered plugin: 'MybatisPlusInterceptor{interceptors=[PaginationInnerInterceptor(logger=org.apache.ibatis.logging.slf4j.Slf4jImpl@70aa58e1, overflow=false, maxLimit=500, dbType=MYSQL, dialect=null, optimizeJoin=true), com.baomidou.mybatisplus.extension.plugins.inner.OptimisticLockerInnerInterceptor@13662609]}'
2025-10-21 11:19:31.114 [main] DEBUG [] c.b.m.e.spring.MybatisSqlSessionFactoryBean - Parsed mapper file: 'file [F:\工程代码\Liutech\LiuTech\target\classes\mapper\CategoriesMapper.xml]'
2025-10-21 11:19:31.138 [main] DEBUG [] c.b.m.e.spring.MybatisSqlSessionFactoryBean - Parsed mapper file: 'file [F:\工程代码\Liutech\LiuTech\target\classes\mapper\CommentsMapper.xml]'
2025-10-21 11:19:31.151 [main] DEBUG [] c.b.m.e.spring.MybatisSqlSessionFactoryBean - Parsed mapper file: 'file [F:\工程代码\Liutech\LiuTech\target\classes\mapper\PostAttachmentsMapper.xml]'
2025-10-21 11:19:31.161 [main] DEBUG [] c.b.m.e.spring.MybatisSqlSessionFactoryBean - Parsed mapper file: 'file [F:\工程代码\Liutech\LiuTech\target\classes\mapper\PostFavoritesMapper.xml]'
2025-10-21 11:19:31.175 [main] DEBUG [] c.b.m.e.spring.MybatisSqlSessionFactoryBean - Parsed mapper file: 'file [F:\工程代码\Liutech\LiuTech\target\classes\mapper\PostLikesMapper.xml]'
2025-10-21 11:19:31.186 [main] ERROR [] c.baomidou.mybatisplus.core.MybatisConfiguration - mapper[chat.liuxin.liutech.mapper.PostsMapper.selectLatestPostListResl] is ignored, because it exists, maybe from xml file
2025-10-21 11:19:31.204 [main] DEBUG [] c.b.m.e.spring.MybatisSqlSessionFactoryBean - Parsed mapper file: 'file [F:\工程代码\Liutech\LiuTech\target\classes\mapper\PostsMapper.xml]'
2025-10-21 11:19:31.208 [main] WARN  [] c.b.mybatisplus.core.injector.DefaultSqlInjector - class chat.liuxin.liutech.model.PostTags ,Not found @TableId annotation, Cannot use Mybatis-Plus 'xxById' Method.
2025-10-21 11:19:31.211 [main] DEBUG [] c.b.m.e.spring.MybatisSqlSessionFactoryBean - Parsed mapper file: 'file [F:\工程代码\Liutech\LiuTech\target\classes\mapper\PostTagsMapper.xml]'
2025-10-21 11:19:31.222 [main] DEBUG [] c.b.m.e.spring.MybatisSqlSessionFactoryBean - Parsed mapper file: 'file [F:\工程代码\Liutech\LiuTech\target\classes\mapper\ResourceDownloadsMapper.xml]'
2025-10-21 11:19:31.233 [main] DEBUG [] c.b.m.e.spring.MybatisSqlSessionFactoryBean - Parsed mapper file: 'file [F:\工程代码\Liutech\LiuTech\target\classes\mapper\TagsMapper.xml]'
2025-10-21 11:19:31.245 [main] DEBUG [] c.b.m.e.spring.MybatisSqlSessionFactoryBean - Parsed mapper file: 'file [F:\工程代码\Liutech\LiuTech\target\classes\mapper\UserMapper.xml]'
2025-10-21 11:19:32.082 [main] INFO  [] o.s.b.actuate.endpoint.web.EndpointLinksResolver - Exposing 1 endpoint beneath base path '/actuator'
2025-10-21 11:19:32.113 [main] WARN  [] o.s.b.a.s.s.UserDetailsServiceAutoConfiguration - 

Using generated security password: cd2a9cbc-e04c-4327-b0d6-d29f09721b72

This generated password is for development use only. Your security configuration must be updated before running your application in production.

2025-10-21 11:19:32.315 [main] INFO  [] c.b.m.e.spring.MybatisPlusApplicationContextAware - Register ApplicationContext instances org.springframework.boot.web.servlet.context.AnnotationConfigServletWebServerApplicationContext@1af7f54a
2025-10-21 11:19:32.615 [main] INFO  [] org.apache.coyote.http11.Http11NioProtocol - Starting ProtocolHandler ["http-nio-8080"]
2025-10-21 11:19:32.624 [main] INFO  [] o.s.boot.web.embedded.tomcat.TomcatWebServer - Tomcat started on port 8080 (http) with context path '/'
2025-10-21 11:19:32.632 [main] INFO  [] chat.liuxin.liutech.LiuTechApplication - Started LiuTechApplication in 3.516 seconds (process running for 3.868)
2025-10-21 11:19:33.000 [RMI TCP Connection(2)-172.22.96.1] INFO  [] o.a.c.core.ContainerBase.[Tomcat].[localhost].[/] - Initializing Spring DispatcherServlet 'dispatcherServlet'
2025-10-21 11:19:33.008 [RMI TCP Connection(3)-172.22.96.1] INFO  [] com.zaxxer.hikari.HikariDataSource - HikariCP-Blog - Starting...
2025-10-21 11:19:33.118 [RMI TCP Connection(3)-172.22.96.1] INFO  [] com.zaxxer.hikari.pool.HikariPool - HikariCP-Blog - Added connection com.mysql.cj.jdbc.ConnectionImpl@67e4e5e9
2025-10-21 11:19:33.120 [RMI TCP Connection(3)-172.22.96.1] INFO  [] com.zaxxer.hikari.HikariDataSource - HikariCP-Blog - Start completed.
2025-10-21 11:19:33.370 [boundedElastic-1] WARN  [] o.s.b.a.data.redis.RedisReactiveHealthIndicator - Redis health check failed
org.springframework.data.redis.RedisConnectionFailureException: Unable to connect to Redis
	at org.springframework.data.redis.connection.lettuce.LettuceConnectionFactory$ExceptionTranslatingConnectionProvider.translateException(LettuceConnectionFactory.java:1866)
	at org.springframework.data.redis.connection.lettuce.LettuceConnectionFactory$ExceptionTranslatingConnectionProvider.getConnection(LettuceConnectionFactory.java:1797)
	at org.springframework.data.redis.connection.lettuce.LettuceConnectionFactory$SharedConnection.getNativeConnection(LettuceConnectionFactory.java:1594)
	at org.springframework.data.redis.connection.lettuce.LettuceConnectionFactory$SharedConnection.lambda$getConnection$0(LettuceConnectionFactory.java:1574)
	at org.springframework.data.redis.connection.lettuce.LettuceConnectionFactory.doInLock(LettuceConnectionFactory.java:1535)
	at org.springframework.data.redis.connection.lettuce.LettuceConnectionFactory$SharedConnection.getConnection(LettuceConnectionFactory.java:1571)
	at org.springframework.data.redis.connection.lettuce.LettuceConnectionFactory.getSharedReactiveConnection(LettuceConnectionFactory.java:1282)
	at org.springframework.data.redis.connection.lettuce.LettuceConnectionFactory.getReactiveConnection(LettuceConnectionFactory.java:1157)
	at org.springframework.data.redis.connection.lettuce.LettuceConnectionFactory.getReactiveConnection(LettuceConnectionFactory.java:121)
	at reactor.core.publisher.MonoSupplier.call(MonoSupplier.java:67)
	at reactor.core.publisher.FluxSubscribeOnCallable$CallableSubscribeOnSubscription.run(FluxSubscribeOnCallable.java:228)
	at reactor.core.scheduler.SchedulerTask.call(SchedulerTask.java:68)
	at reactor.core.scheduler.SchedulerTask.call(SchedulerTask.java:28)
	at java.base/java.util.concurrent.FutureTask.run(FutureTask.java:317)
	at java.base/java.util.concurrent.ScheduledThreadPoolExecutor$ScheduledFutureTask.run(ScheduledThreadPoolExecutor.java:304)
	at java.base/java.util.concurrent.ThreadPoolExecutor.runWorker(ThreadPoolExecutor.java:1144)
	at java.base/java.util.concurrent.ThreadPoolExecutor$Worker.run(ThreadPoolExecutor.java:642)
	at java.base/java.lang.Thread.run(Thread.java:1583)
Caused by: io.lettuce.core.RedisConnectionException: Unable to connect to localhost/<unresolved>:6379
	at io.lettuce.core.RedisConnectionException.create(RedisConnectionException.java:63)
	at io.lettuce.core.RedisConnectionException.create(RedisConnectionException.java:41)
	at io.lettuce.core.AbstractRedisClient.getConnection(AbstractRedisClient.java:354)
	at io.lettuce.core.RedisClient.connect(RedisClient.java:220)
	at org.springframework.data.redis.connection.lettuce.StandaloneConnectionProvider.lambda$getConnection$1(StandaloneConnectionProvider.java:112)
	at java.base/java.util.Optional.orElseGet(Optional.java:364)
	at org.springframework.data.redis.connection.lettuce.StandaloneConnectionProvider.getConnection(StandaloneConnectionProvider.java:112)
	at org.springframework.data.redis.connection.lettuce.LettuceConnectionFactory$ExceptionTranslatingConnectionProvider.getConnection(LettuceConnectionFactory.java:1795)
	... 16 common frames omitted
Caused by: io.netty.channel.AbstractChannel$AnnotatedConnectException: Connection refused: getsockopt: localhost/127.0.0.1:6379
Caused by: java.net.ConnectException: Connection refused: getsockopt
	at java.base/sun.nio.ch.Net.pollConnect(Native Method)
	at java.base/sun.nio.ch.Net.pollConnectNow(Net.java:682)
	at java.base/sun.nio.ch.SocketChannelImpl.finishConnect(SocketChannelImpl.java:973)
	at io.netty.channel.socket.nio.NioSocketChannel.doFinishConnect(NioSocketChannel.java:336)
	at io.netty.channel.nio.AbstractNioChannel$AbstractNioUnsafe.finishConnect(AbstractNioChannel.java:339)
	at io.netty.channel.nio.NioEventLoop.processSelectedKey(NioEventLoop.java:784)
	at io.netty.channel.nio.NioEventLoop.processSelectedKeysOptimized(NioEventLoop.java:732)
	at io.netty.channel.nio.NioEventLoop.processSelectedKeys(NioEventLoop.java:658)
	at io.netty.channel.nio.NioEventLoop.run(NioEventLoop.java:562)
	at io.netty.util.concurrent.SingleThreadEventExecutor$4.run(SingleThreadEventExecutor.java:998)
	at io.netty.util.internal.ThreadExecutorMap$2.run(ThreadExecutorMap.java:74)
	at io.netty.util.concurrent.FastThreadLocalRunnable.run(FastThreadLocalRunnable.java:30)
	at java.base/java.lang.Thread.run(Thread.java:1583)
2025-10-21 11:21:56.124 [SpringApplicationShutdownHook] INFO  [] o.s.boot.web.embedded.tomcat.GracefulShutdown - Commencing graceful shutdown. Waiting for active requests to complete
2025-10-21 11:21:56.128 [tomcat-shutdown] INFO  [] o.s.boot.web.embedded.tomcat.GracefulShutdown - Graceful shutdown complete
2025-10-21 11:21:56.152 [SpringApplicationShutdownHook] INFO  [] com.zaxxer.hikari.HikariDataSource - HikariCP-Blog - Shutdown initiated...
2025-10-21 11:21:56.158 [SpringApplicationShutdownHook] INFO  [] com.zaxxer.hikari.HikariDataSource - HikariCP-Blog - Shutdown completed.
2025-10-21 11:32:02.773 [main] INFO  [] chat.liuxin.liutech.LiuTechApplication - Starting LiuTechApplication using Java 21.0.5 with PID 23904 (F:\工程代码\Liutech\LiuTech\target\classes started by Administrator in F:\工程代码\Liutech)
2025-10-21 11:32:02.774 [main] INFO  [] chat.liuxin.liutech.LiuTechApplication - The following 1 profile is active: "dev"
2025-10-21 11:32:03.834 [main] INFO  [] o.s.boot.web.embedded.tomcat.TomcatWebServer - Tomcat initialized with port 8080 (http)
2025-10-21 11:32:03.844 [main] INFO  [] org.apache.coyote.http11.Http11NioProtocol - Initializing ProtocolHandler ["http-nio-8080"]
2025-10-21 11:32:03.845 [main] INFO  [] org.apache.catalina.core.StandardService - Starting service [Tomcat]
2025-10-21 11:32:03.846 [main] INFO  [] org.apache.catalina.core.StandardEngine - Starting Servlet engine: [Apache Tomcat/10.1.46]
2025-10-21 11:32:03.878 [main] INFO  [] o.a.c.core.ContainerBase.[Tomcat].[localhost].[/] - Initializing Spring embedded WebApplicationContext
2025-10-21 11:32:03.879 [main] INFO  [] o.s.b.w.s.c.ServletWebServerApplicationContext - Root WebApplicationContext: initialization completed in 1077 ms
2025-10-21 11:32:04.285 [main] ERROR [] c.baomidou.mybatisplus.core.MybatisConfiguration - mapper[chat.liuxin.liutech.mapper.PostsMapper.selectLatestPostListResl] is ignored, because it exists, maybe from xml file
2025-10-21 11:32:04.293 [main] WARN  [] c.b.mybatisplus.core.injector.methods.Insert - [chat.liuxin.liutech.mapper.PostsMapper.insert] Has been loaded by XML or SqlProvider or Mybatis's Annotation, so ignoring this injection for [class com.baomidou.mybatisplus.core.injector.methods.Insert]
2025-10-21 11:32:04.298 [main] WARN  [] c.b.mybatisplus.core.injector.methods.DeleteById - [chat.liuxin.liutech.mapper.PostsMapper.deleteById] Has been loaded by XML or SqlProvider or Mybatis's Annotation, so ignoring this injection for [class com.baomidou.mybatisplus.core.injector.methods.DeleteById]
2025-10-21 11:32:04.300 [main] WARN  [] c.b.mybatisplus.core.injector.methods.UpdateById - [chat.liuxin.liutech.mapper.PostsMapper.updateById] Has been loaded by XML or SqlProvider or Mybatis's Annotation, so ignoring this injection for [class com.baomidou.mybatisplus.core.injector.methods.UpdateById]
2025-10-21 11:32:04.300 [main] WARN  [] c.b.mybatisplus.core.injector.methods.SelectById - [chat.liuxin.liutech.mapper.PostsMapper.selectById] Has been loaded by XML or SqlProvider or Mybatis's Annotation, so ignoring this injection for [class com.baomidou.mybatisplus.core.injector.methods.SelectById]
2025-10-21 11:32:04.303 [main] WARN  [] c.b.mybatisplus.core.metadata.TableInfoHelper - Can not find table primary key in Class: "chat.liuxin.liutech.model.PostTags".
2025-10-21 11:32:04.303 [main] WARN  [] c.b.mybatisplus.core.injector.DefaultSqlInjector - class chat.liuxin.liutech.model.PostTags ,Not found @TableId annotation, Cannot use Mybatis-Plus 'xxById' Method.
2025-10-21 11:32:05.193 [main] INFO  [] o.s.b.actuate.endpoint.web.EndpointLinksResolver - Exposing 1 endpoint beneath base path '/actuator'
2025-10-21 11:32:05.226 [main] WARN  [] o.s.b.a.s.s.UserDetailsServiceAutoConfiguration - 

Using generated security password: 297424e9-37b2-4c44-8017-4932b6bc7f09

This generated password is for development use only. Your security configuration must be updated before running your application in production.

2025-10-21 11:32:05.589 [main] INFO  [] org.apache.coyote.http11.Http11NioProtocol - Starting ProtocolHandler ["http-nio-8080"]
2025-10-21 11:32:05.598 [main] INFO  [] o.s.boot.web.embedded.tomcat.TomcatWebServer - Tomcat started on port 8080 (http) with context path '/'
2025-10-21 11:32:05.606 [main] INFO  [] chat.liuxin.liutech.LiuTechApplication - Started LiuTechApplication in 3.182 seconds (process running for 3.511)
2025-10-21 11:32:05.769 [RMI TCP Connection(1)-172.22.96.1] INFO  [] o.a.c.core.ContainerBase.[Tomcat].[localhost].[/] - Initializing Spring DispatcherServlet 'dispatcherServlet'
2025-10-21 11:32:05.769 [RMI TCP Connection(2)-172.22.96.1] INFO  [] com.zaxxer.hikari.HikariDataSource - HikariCP-Blog - Starting...
2025-10-21 11:32:05.886 [RMI TCP Connection(2)-172.22.96.1] INFO  [] com.zaxxer.hikari.pool.HikariPool - HikariCP-Blog - Added connection com.mysql.cj.jdbc.ConnectionImpl@7ef03134
2025-10-21 11:32:05.891 [RMI TCP Connection(2)-172.22.96.1] INFO  [] com.zaxxer.hikari.HikariDataSource - HikariCP-Blog - Start completed.
2025-10-21 11:32:13.506 [http-nio-8080-exec-2] INFO  [6af76385c0584630] chat.liuxin.liutech.filter.RequestTraceFilter - 请求开始: GET /categories [traceId=6af76385c0584630]
2025-10-21 11:32:13.506 [http-nio-8080-exec-6] INFO  [7b1b8c9cd46642d8] chat.liuxin.liutech.filter.RequestTraceFilter - 请求开始: GET /tags/hot [traceId=7b1b8c9cd46642d8]
2025-10-21 11:32:13.506 [http-nio-8080-exec-4] INFO  [b0ee6c91ffda470e] chat.liuxin.liutech.filter.RequestTraceFilter - 请求开始: GET /tags [traceId=b0ee6c91ffda470e]
2025-10-21 11:32:13.506 [http-nio-8080-exec-1] INFO  [6dc9503f99934b9f] chat.liuxin.liutech.filter.RequestTraceFilter - 请求开始: GET /user/current [traceId=6dc9503f99934b9f]
2025-10-21 11:32:13.507 [http-nio-8080-exec-4] INFO  [b0ee6c91ffda470e] c.liuxin.liutech.filter.JwtAuthenticationFilter - 处理请求: GET /tags
2025-10-21 11:32:13.507 [http-nio-8080-exec-2] INFO  [6af76385c0584630] c.liuxin.liutech.filter.JwtAuthenticationFilter - 处理请求: GET /categories
2025-10-21 11:32:13.507 [http-nio-8080-exec-6] INFO  [7b1b8c9cd46642d8] c.liuxin.liutech.filter.JwtAuthenticationFilter - 处理请求: GET /tags/hot
2025-10-21 11:32:13.507 [http-nio-8080-exec-1] INFO  [6dc9503f99934b9f] c.liuxin.liutech.filter.JwtAuthenticationFilter - 处理请求: GET /user/current
2025-10-21 11:32:13.537 [http-nio-8080-exec-4] INFO  [b0ee6c91ffda470e] c.liuxin.liutech.filter.JwtAuthenticationFilter - JWT认证成功，用户: admin, 角色: [ROLE_USER, ROLE_ADMIN], 请求路径: /tags
2025-10-21 11:32:13.537 [http-nio-8080-exec-6] INFO  [7b1b8c9cd46642d8] c.liuxin.liutech.filter.JwtAuthenticationFilter - JWT认证成功，用户: admin, 角色: [ROLE_USER, ROLE_ADMIN], 请求路径: /tags/hot
2025-10-21 11:32:13.537 [http-nio-8080-exec-1] INFO  [6dc9503f99934b9f] c.liuxin.liutech.filter.JwtAuthenticationFilter - JWT认证成功，用户: admin, 角色: [ROLE_USER, ROLE_ADMIN], 请求路径: /user/current
2025-10-21 11:32:13.537 [http-nio-8080-exec-2] INFO  [6af76385c0584630] c.liuxin.liutech.filter.JwtAuthenticationFilter - JWT认证成功，用户: admin, 角色: [ROLE_USER, ROLE_ADMIN], 请求路径: /categories
2025-10-21 11:32:13.561 [http-nio-8080-exec-6] INFO  [7b1b8c9cd46642d8] chat.liuxin.liutech.aspect.RequestTimingAspect - ========== 请求开始 ==========
2025-10-21 11:32:13.561 [http-nio-8080-exec-1] INFO  [6dc9503f99934b9f] chat.liuxin.liutech.aspect.RequestTimingAspect - ========== 请求开始 ==========
2025-10-21 11:32:13.561 [http-nio-8080-exec-4] INFO  [b0ee6c91ffda470e] chat.liuxin.liutech.aspect.RequestTimingAspect - ========== 请求开始 ==========
2025-10-21 11:32:13.561 [http-nio-8080-exec-2] INFO  [6af76385c0584630] chat.liuxin.liutech.aspect.RequestTimingAspect - ========== 请求开始 ==========
2025-10-21 11:32:13.561 [http-nio-8080-exec-4] INFO  [b0ee6c91ffda470e] chat.liuxin.liutech.aspect.RequestTimingAspect - 请求URL: GET http://127.0.0.1:8080/tags
2025-10-21 11:32:13.561 [http-nio-8080-exec-6] INFO  [7b1b8c9cd46642d8] chat.liuxin.liutech.aspect.RequestTimingAspect - 请求URL: GET http://127.0.0.1:8080/tags/hot
2025-10-21 11:32:13.561 [http-nio-8080-exec-1] INFO  [6dc9503f99934b9f] chat.liuxin.liutech.aspect.RequestTimingAspect - 请求URL: GET http://127.0.0.1:8080/user/current
2025-10-21 11:32:13.561 [http-nio-8080-exec-2] INFO  [6af76385c0584630] chat.liuxin.liutech.aspect.RequestTimingAspect - 请求URL: GET http://127.0.0.1:8080/categories
2025-10-21 11:32:13.561 [http-nio-8080-exec-4] INFO  [b0ee6c91ffda470e] chat.liuxin.liutech.aspect.RequestTimingAspect - 调用方法: TagsController.getAllTags
2025-10-21 11:32:13.562 [http-nio-8080-exec-4] INFO  [b0ee6c91ffda470e] chat.liuxin.liutech.aspect.RequestTimingAspect - 客户端IP: 127.0.0.1
2025-10-21 11:32:13.561 [http-nio-8080-exec-6] INFO  [7b1b8c9cd46642d8] chat.liuxin.liutech.aspect.RequestTimingAspect - 调用方法: TagsController.getHotTags
2025-10-21 11:32:13.562 [http-nio-8080-exec-1] INFO  [6dc9503f99934b9f] chat.liuxin.liutech.aspect.RequestTimingAspect - 调用方法: UserController.getCurrentUser
2025-10-21 11:32:13.562 [http-nio-8080-exec-2] INFO  [6af76385c0584630] chat.liuxin.liutech.aspect.RequestTimingAspect - 调用方法: CategoriesController.getAllCategories
2025-10-21 11:32:13.562 [http-nio-8080-exec-4] INFO  [b0ee6c91ffda470e] chat.liuxin.liutech.aspect.RequestTimingAspect - 开始时间: Tue Oct 21 11:32:13 CST 2025
2025-10-21 11:32:13.562 [http-nio-8080-exec-6] INFO  [7b1b8c9cd46642d8] chat.liuxin.liutech.aspect.RequestTimingAspect - 客户端IP: 127.0.0.1
2025-10-21 11:32:13.562 [http-nio-8080-exec-1] INFO  [6dc9503f99934b9f] chat.liuxin.liutech.aspect.RequestTimingAspect - 客户端IP: 127.0.0.1
2025-10-21 11:32:13.562 [http-nio-8080-exec-1] INFO  [6dc9503f99934b9f] chat.liuxin.liutech.aspect.RequestTimingAspect - 开始时间: Tue Oct 21 11:32:13 CST 2025
2025-10-21 11:32:13.562 [http-nio-8080-exec-4] INFO  [b0ee6c91ffda470e] chat.liuxin.liutech.controller.web.TagsController - 查询所有标签
2025-10-21 11:32:13.562 [http-nio-8080-exec-2] INFO  [6af76385c0584630] chat.liuxin.liutech.aspect.RequestTimingAspect - 客户端IP: 127.0.0.1
2025-10-21 11:32:13.562 [http-nio-8080-exec-6] INFO  [7b1b8c9cd46642d8] chat.liuxin.liutech.aspect.RequestTimingAspect - 请求参数: [10]
2025-10-21 11:32:13.562 [http-nio-8080-exec-1] INFO  [6dc9503f99934b9f] chat.liuxin.liutech.controller.web.UserController - 收到获取当前用户信息请求
2025-10-21 11:32:13.562 [http-nio-8080-exec-2] INFO  [6af76385c0584630] chat.liuxin.liutech.aspect.RequestTimingAspect - 开始时间: Tue Oct 21 11:32:13 CST 2025
2025-10-21 11:32:13.563 [http-nio-8080-exec-6] INFO  [7b1b8c9cd46642d8] chat.liuxin.liutech.aspect.RequestTimingAspect - 开始时间: Tue Oct 21 11:32:13 CST 2025
2025-10-21 11:32:13.563 [http-nio-8080-exec-2] INFO  [6af76385c0584630] c.l.liutech.controller.web.CategoriesController - 查询所有分类
2025-10-21 11:32:13.563 [http-nio-8080-exec-6] INFO  [7b1b8c9cd46642d8] chat.liuxin.liutech.controller.web.TagsController - 查询热门标签 - 限制数量: 10
2025-10-21 11:32:13.594 [http-nio-8080-exec-4] INFO  [b0ee6c91ffda470e] chat.liuxin.liutech.controller.web.TagsController - 查询标签成功 - 数量: 45
2025-10-21 11:32:13.595 [http-nio-8080-exec-4] INFO  [b0ee6c91ffda470e] chat.liuxin.liutech.aspect.RequestTimingAspect - ========== 请求结束 ==========
2025-10-21 11:32:13.595 [http-nio-8080-exec-4] INFO  [b0ee6c91ffda470e] chat.liuxin.liutech.aspect.RequestTimingAspect - 结束时间: Tue Oct 21 11:32:13 CST 2025
2025-10-21 11:32:13.595 [http-nio-8080-exec-1] INFO  [6dc9503f99934b9f] chat.liuxin.liutech.controller.web.UserController - 获取当前用户信息成功
2025-10-21 11:32:13.596 [http-nio-8080-exec-4] INFO  [b0ee6c91ffda470e] chat.liuxin.liutech.aspect.RequestTimingAspect - 执行耗时: 34 ms
2025-10-21 11:32:13.596 [http-nio-8080-exec-4] INFO  [b0ee6c91ffda470e] chat.liuxin.liutech.aspect.RequestTimingAspect - 执行状态: 成功
2025-10-21 11:32:13.596 [http-nio-8080-exec-1] INFO  [6dc9503f99934b9f] chat.liuxin.liutech.aspect.RequestTimingAspect - ========== 请求结束 ==========
2025-10-21 11:32:13.596 [http-nio-8080-exec-4] INFO  [b0ee6c91ffda470e] chat.liuxin.liutech.aspect.RequestTimingAspect - ================================
2025-10-21 11:32:13.596 [http-nio-8080-exec-1] INFO  [6dc9503f99934b9f] chat.liuxin.liutech.aspect.RequestTimingAspect - 结束时间: Tue Oct 21 11:32:13 CST 2025
2025-10-21 11:32:13.596 [http-nio-8080-exec-1] INFO  [6dc9503f99934b9f] chat.liuxin.liutech.aspect.RequestTimingAspect - 执行耗时: 35 ms
2025-10-21 11:32:13.596 [http-nio-8080-exec-1] INFO  [6dc9503f99934b9f] chat.liuxin.liutech.aspect.RequestTimingAspect - 执行状态: 成功
2025-10-21 11:32:13.596 [http-nio-8080-exec-1] INFO  [6dc9503f99934b9f] chat.liuxin.liutech.aspect.RequestTimingAspect - ================================
2025-10-21 11:32:13.599 [http-nio-8080-exec-2] INFO  [6af76385c0584630] c.l.liutech.controller.web.CategoriesController - 查询分类成功 - 数量: 12
2025-10-21 11:32:13.599 [http-nio-8080-exec-6] INFO  [7b1b8c9cd46642d8] chat.liuxin.liutech.controller.web.TagsController - 查询热门标签成功 - 数量: 10
2025-10-21 11:32:13.599 [http-nio-8080-exec-2] INFO  [6af76385c0584630] chat.liuxin.liutech.aspect.RequestTimingAspect - ========== 请求结束 ==========
2025-10-21 11:32:13.599 [http-nio-8080-exec-6] INFO  [7b1b8c9cd46642d8] chat.liuxin.liutech.aspect.RequestTimingAspect - ========== 请求结束 ==========
2025-10-21 11:32:13.599 [http-nio-8080-exec-2] INFO  [6af76385c0584630] chat.liuxin.liutech.aspect.RequestTimingAspect - 结束时间: Tue Oct 21 11:32:13 CST 2025
2025-10-21 11:32:13.599 [http-nio-8080-exec-6] INFO  [7b1b8c9cd46642d8] chat.liuxin.liutech.aspect.RequestTimingAspect - 结束时间: Tue Oct 21 11:32:13 CST 2025
2025-10-21 11:32:13.599 [http-nio-8080-exec-2] INFO  [6af76385c0584630] chat.liuxin.liutech.aspect.RequestTimingAspect - 执行耗时: 38 ms
2025-10-21 11:32:13.599 [http-nio-8080-exec-6] INFO  [7b1b8c9cd46642d8] chat.liuxin.liutech.aspect.RequestTimingAspect - 执行耗时: 38 ms
2025-10-21 11:32:13.599 [http-nio-8080-exec-6] INFO  [7b1b8c9cd46642d8] chat.liuxin.liutech.aspect.RequestTimingAspect - 执行状态: 成功
2025-10-21 11:32:13.599 [http-nio-8080-exec-2] INFO  [6af76385c0584630] chat.liuxin.liutech.aspect.RequestTimingAspect - 执行状态: 成功
2025-10-21 11:32:13.599 [http-nio-8080-exec-6] INFO  [7b1b8c9cd46642d8] chat.liuxin.liutech.aspect.RequestTimingAspect - ================================
2025-10-21 11:32:13.599 [http-nio-8080-exec-2] INFO  [6af76385c0584630] chat.liuxin.liutech.aspect.RequestTimingAspect - ================================
2025-10-21 11:32:13.619 [http-nio-8080-exec-6] INFO  [7b1b8c9cd46642d8] chat.liuxin.liutech.filter.RequestTraceFilter - 请求结束: GET /tags/hot [traceId=7b1b8c9cd46642d8] - 用时: 113 ms
2025-10-21 11:32:13.619 [http-nio-8080-exec-2] INFO  [6af76385c0584630] chat.liuxin.liutech.filter.RequestTraceFilter - 请求结束: GET /categories [traceId=6af76385c0584630] - 用时: 113 ms
2025-10-21 11:32:13.619 [http-nio-8080-exec-4] INFO  [b0ee6c91ffda470e] chat.liuxin.liutech.filter.RequestTraceFilter - 请求结束: GET /tags [traceId=b0ee6c91ffda470e] - 用时: 113 ms
2025-10-21 11:32:13.620 [http-nio-8080-exec-1] INFO  [6dc9503f99934b9f] chat.liuxin.liutech.filter.RequestTraceFilter - 请求结束: GET /user/current [traceId=6dc9503f99934b9f] - 用时: 114 ms
2025-10-21 11:32:13.721 [http-nio-8080-exec-7] INFO  [a2d771d2493245b6] chat.liuxin.liutech.filter.RequestTraceFilter - 请求开始: GET /posts/latest [traceId=a2d771d2493245b6]
2025-10-21 11:32:13.721 [http-nio-8080-exec-3] INFO  [457477af9b624984] chat.liuxin.liutech.filter.RequestTraceFilter - 请求开始: GET /posts [traceId=457477af9b624984]
2025-10-21 11:32:13.720 [http-nio-8080-exec-5] INFO  [fdbf053947d54f56] chat.liuxin.liutech.filter.RequestTraceFilter - 请求开始: GET /announcements/latest [traceId=fdbf053947d54f56]
2025-10-21 11:32:13.721 [http-nio-8080-exec-5] INFO  [fdbf053947d54f56] c.liuxin.liutech.filter.JwtAuthenticationFilter - 处理请求: GET /announcements/latest
2025-10-21 11:32:13.721 [http-nio-8080-exec-3] INFO  [457477af9b624984] c.liuxin.liutech.filter.JwtAuthenticationFilter - 处理请求: GET /posts
2025-10-21 11:32:13.721 [http-nio-8080-exec-7] INFO  [a2d771d2493245b6] c.liuxin.liutech.filter.JwtAuthenticationFilter - 处理请求: GET /posts/latest
2025-10-21 11:32:13.724 [http-nio-8080-exec-3] INFO  [457477af9b624984] c.liuxin.liutech.filter.JwtAuthenticationFilter - JWT认证成功，用户: admin, 角色: [ROLE_USER, ROLE_ADMIN], 请求路径: /posts
2025-10-21 11:32:13.724 [http-nio-8080-exec-7] INFO  [a2d771d2493245b6] c.liuxin.liutech.filter.JwtAuthenticationFilter - JWT认证成功，用户: admin, 角色: [ROLE_USER, ROLE_ADMIN], 请求路径: /posts/latest
2025-10-21 11:32:13.724 [http-nio-8080-exec-5] INFO  [fdbf053947d54f56] c.liuxin.liutech.filter.JwtAuthenticationFilter - JWT认证成功，用户: admin, 角色: [ROLE_USER, ROLE_ADMIN], 请求路径: /announcements/latest
2025-10-21 11:32:13.727 [http-nio-8080-exec-5] INFO  [fdbf053947d54f56] chat.liuxin.liutech.aspect.RequestTimingAspect - ========== 请求开始 ==========
2025-10-21 11:32:13.727 [http-nio-8080-exec-7] INFO  [a2d771d2493245b6] chat.liuxin.liutech.aspect.RequestTimingAspect - ========== 请求开始 ==========
2025-10-21 11:32:13.727 [http-nio-8080-exec-5] INFO  [fdbf053947d54f56] chat.liuxin.liutech.aspect.RequestTimingAspect - 请求URL: GET http://127.0.0.1:8080/announcements/latest
2025-10-21 11:32:13.727 [http-nio-8080-exec-7] INFO  [a2d771d2493245b6] chat.liuxin.liutech.aspect.RequestTimingAspect - 请求URL: GET http://127.0.0.1:8080/posts/latest
2025-10-21 11:32:13.727 [http-nio-8080-exec-5] INFO  [fdbf053947d54f56] chat.liuxin.liutech.aspect.RequestTimingAspect - 调用方法: AnnouncementsController.getLatestAnnouncements
2025-10-21 11:32:13.727 [http-nio-8080-exec-7] INFO  [a2d771d2493245b6] chat.liuxin.liutech.aspect.RequestTimingAspect - 调用方法: PostsController.getLatestPosts
2025-10-21 11:32:13.727 [http-nio-8080-exec-5] INFO  [fdbf053947d54f56] chat.liuxin.liutech.aspect.RequestTimingAspect - 客户端IP: 127.0.0.1
2025-10-21 11:32:13.728 [http-nio-8080-exec-7] INFO  [a2d771d2493245b6] chat.liuxin.liutech.aspect.RequestTimingAspect - 客户端IP: 127.0.0.1
2025-10-21 11:32:13.728 [http-nio-8080-exec-5] INFO  [fdbf053947d54f56] chat.liuxin.liutech.aspect.RequestTimingAspect - 请求参数: [5]
2025-10-21 11:32:13.728 [http-nio-8080-exec-5] INFO  [fdbf053947d54f56] chat.liuxin.liutech.aspect.RequestTimingAspect - 开始时间: Tue Oct 21 11:32:13 CST 2025
2025-10-21 11:32:13.728 [http-nio-8080-exec-7] INFO  [a2d771d2493245b6] chat.liuxin.liutech.aspect.RequestTimingAspect - 请求参数: [5]
2025-10-21 11:32:13.728 [http-nio-8080-exec-7] INFO  [a2d771d2493245b6] chat.liuxin.liutech.aspect.RequestTimingAspect - 开始时间: Tue Oct 21 11:32:13 CST 2025
2025-10-21 11:32:13.728 [http-nio-8080-exec-7] INFO  [a2d771d2493245b6] c.liuxin.liutech.controller.web.PostsController - 查询最新文章 - 限制数量: 5
2025-10-21 11:32:13.729 [http-nio-8080-exec-3] INFO  [457477af9b624984] chat.liuxin.liutech.aspect.RequestTimingAspect - ========== 请求开始 ==========
2025-10-21 11:32:13.730 [http-nio-8080-exec-3] INFO  [457477af9b624984] chat.liuxin.liutech.aspect.RequestTimingAspect - 请求URL: GET http://127.0.0.1:8080/posts
2025-10-21 11:32:13.730 [http-nio-8080-exec-3] INFO  [457477af9b624984] chat.liuxin.liutech.aspect.RequestTimingAspect - 调用方法: PostsController.getPostList
2025-10-21 11:32:13.730 [http-nio-8080-exec-3] INFO  [457477af9b624984] chat.liuxin.liutech.aspect.RequestTimingAspect - 客户端IP: 127.0.0.1
2025-10-21 11:32:13.730 [http-nio-8080-exec-3] INFO  [457477af9b624984] chat.liuxin.liutech.aspect.RequestTimingAspect - 请求参数: [1, 10, null, null, null, latest, SecurityContextHolderAwareRequestWrapper[ org.springframework.security.web.header.HeaderWriterFilter$HeaderWriterRequest@1c1335e]]
2025-10-21 11:32:13.731 [http-nio-8080-exec-3] INFO  [457477af9b624984] chat.liuxin.liutech.aspect.RequestTimingAspect - 开始时间: Tue Oct 21 11:32:13 CST 2025
2025-10-21 11:32:13.731 [http-nio-8080-exec-3] INFO  [457477af9b624984] c.liuxin.liutech.controller.web.PostsController - 查询文章列表 - 页码: 1, 大小: 10, 分类: null, 标签: null, 关键词: null, 排序: latest
2025-10-21 11:32:13.732 [http-nio-8080-exec-5] INFO  [fdbf053947d54f56] chat.liuxin.liutech.aspect.RequestTimingAspect - ========== 请求结束 ==========
2025-10-21 11:32:13.732 [http-nio-8080-exec-5] INFO  [fdbf053947d54f56] chat.liuxin.liutech.aspect.RequestTimingAspect - 结束时间: Tue Oct 21 11:32:13 CST 2025
2025-10-21 11:32:13.733 [http-nio-8080-exec-5] INFO  [fdbf053947d54f56] chat.liuxin.liutech.aspect.RequestTimingAspect - 执行耗时: 5 ms
2025-10-21 11:32:13.733 [http-nio-8080-exec-5] INFO  [fdbf053947d54f56] chat.liuxin.liutech.aspect.RequestTimingAspect - 执行状态: 成功
2025-10-21 11:32:13.733 [http-nio-8080-exec-5] INFO  [fdbf053947d54f56] chat.liuxin.liutech.aspect.RequestTimingAspect - ================================
2025-10-21 11:32:13.736 [http-nio-8080-exec-5] INFO  [fdbf053947d54f56] chat.liuxin.liutech.filter.RequestTraceFilter - 请求结束: GET /announcements/latest [traceId=fdbf053947d54f56] - 用时: 16 ms
2025-10-21 11:32:13.755 [http-nio-8080-exec-7] INFO  [a2d771d2493245b6] c.liuxin.liutech.controller.web.PostsController - 查询最新文章成功 - 数量: 5
2025-10-21 11:32:13.755 [http-nio-8080-exec-7] INFO  [a2d771d2493245b6] chat.liuxin.liutech.aspect.RequestTimingAspect - ========== 请求结束 ==========
2025-10-21 11:32:13.755 [http-nio-8080-exec-7] INFO  [a2d771d2493245b6] chat.liuxin.liutech.aspect.RequestTimingAspect - 结束时间: Tue Oct 21 11:32:13 CST 2025
2025-10-21 11:32:13.755 [http-nio-8080-exec-7] INFO  [a2d771d2493245b6] chat.liuxin.liutech.aspect.RequestTimingAspect - 执行耗时: 28 ms
2025-10-21 11:32:13.756 [http-nio-8080-exec-7] INFO  [a2d771d2493245b6] chat.liuxin.liutech.aspect.RequestTimingAspect - 执行状态: 成功
2025-10-21 11:32:13.757 [http-nio-8080-exec-7] INFO  [a2d771d2493245b6] chat.liuxin.liutech.aspect.RequestTimingAspect - ================================
2025-10-21 11:32:13.760 [http-nio-8080-exec-7] INFO  [a2d771d2493245b6] chat.liuxin.liutech.filter.RequestTraceFilter - 请求结束: GET /posts/latest [traceId=a2d771d2493245b6] - 用时: 39 ms
2025-10-21 11:32:13.825 [http-nio-8080-exec-3] INFO  [457477af9b624984] c.liuxin.liutech.controller.web.PostsController - 查询文章列表成功 - 总数: 7, 当前页: 1
2025-10-21 11:32:13.826 [http-nio-8080-exec-3] INFO  [457477af9b624984] chat.liuxin.liutech.aspect.RequestTimingAspect - ========== 请求结束 ==========
2025-10-21 11:32:13.826 [http-nio-8080-exec-3] INFO  [457477af9b624984] chat.liuxin.liutech.aspect.RequestTimingAspect - 结束时间: Tue Oct 21 11:32:13 CST 2025
2025-10-21 11:32:13.826 [http-nio-8080-exec-3] INFO  [457477af9b624984] chat.liuxin.liutech.aspect.RequestTimingAspect - 执行耗时: 97 ms
2025-10-21 11:32:13.826 [http-nio-8080-exec-3] INFO  [457477af9b624984] chat.liuxin.liutech.aspect.RequestTimingAspect - 执行状态: 成功
2025-10-21 11:32:13.826 [http-nio-8080-exec-3] INFO  [457477af9b624984] chat.liuxin.liutech.aspect.RequestTimingAspect - ================================
2025-10-21 11:32:13.828 [http-nio-8080-exec-3] INFO  [457477af9b624984] chat.liuxin.liutech.filter.RequestTraceFilter - 请求结束: GET /posts [traceId=457477af9b624984] - 用时: 107 ms
2025-10-21 11:32:13.906 [http-nio-8080-exec-8] INFO  [0b1e7f1cf6594152] chat.liuxin.liutech.filter.RequestTraceFilter - 请求开始: GET /uploads/images/2025/10/14/20251014170639_dc429483169e49a7a2ebd5528c45fc40.jpg [traceId=0b1e7f1cf6594152]
2025-10-21 11:32:13.906 [http-nio-8080-exec-8] INFO  [0b1e7f1cf6594152] c.liuxin.liutech.filter.JwtAuthenticationFilter - 处理请求: GET /uploads/images/2025/10/14/20251014170639_dc429483169e49a7a2ebd5528c45fc40.jpg
2025-10-21 11:32:13.906 [http-nio-8080-exec-8] INFO  [0b1e7f1cf6594152] c.liuxin.liutech.filter.JwtAuthenticationFilter - 跳过JWT验证的公开接口: GET /uploads/images/2025/10/14/20251014170639_dc429483169e49a7a2ebd5528c45fc40.jpg
2025-10-21 11:32:13.910 [http-nio-8080-exec-8] ERROR [0b1e7f1cf6594152] chat.liuxin.liutech.common.GlobalExceptionHandler - 系统未知异常
org.springframework.web.servlet.resource.NoResourceFoundException: No static resource 2025/10/14/20251014170639_dc429483169e49a7a2ebd5528c45fc40.jpg.
	at org.springframework.web.servlet.resource.ResourceHttpRequestHandler.handleRequest(ResourceHttpRequestHandler.java:585)
	at org.springframework.web.servlet.mvc.HttpRequestHandlerAdapter.handle(HttpRequestHandlerAdapter.java:52)
	at org.springframework.web.servlet.DispatcherServlet.doDispatch(DispatcherServlet.java:1089)
	at org.springframework.web.servlet.DispatcherServlet.doService(DispatcherServlet.java:979)
	at org.springframework.web.servlet.FrameworkServlet.processRequest(FrameworkServlet.java:1014)
	at org.springframework.web.servlet.FrameworkServlet.doGet(FrameworkServlet.java:903)
	at jakarta.servlet.http.HttpServlet.service(HttpServlet.java:564)
	at org.springframework.web.servlet.FrameworkServlet.service(FrameworkServlet.java:885)
	at jakarta.servlet.http.HttpServlet.service(HttpServlet.java:658)
	at org.apache.catalina.core.ApplicationFilterChain.internalDoFilter(ApplicationFilterChain.java:195)
	at org.apache.catalina.core.ApplicationFilterChain.doFilter(ApplicationFilterChain.java:140)
	at org.apache.tomcat.websocket.server.WsFilter.doFilter(WsFilter.java:51)
	at org.apache.catalina.core.ApplicationFilterChain.internalDoFilter(ApplicationFilterChain.java:164)
	at org.apache.catalina.core.ApplicationFilterChain.doFilter(ApplicationFilterChain.java:140)
	at org.springframework.web.filter.OncePerRequestFilter.doFilter(OncePerRequestFilter.java:110)
	at org.apache.catalina.core.ApplicationFilterChain.internalDoFilter(ApplicationFilterChain.java:164)
	at org.apache.catalina.core.ApplicationFilterChain.doFilter(ApplicationFilterChain.java:140)
	at org.springframework.web.filter.OncePerRequestFilter.doFilter(OncePerRequestFilter.java:110)
	at org.apache.catalina.core.ApplicationFilterChain.internalDoFilter(ApplicationFilterChain.java:164)
	at org.apache.catalina.core.ApplicationFilterChain.doFilter(ApplicationFilterChain.java:140)
	at org.springframework.web.filter.CompositeFilter$VirtualFilterChain.doFilter(CompositeFilter.java:108)
	at org.springframework.web.filter.CompositeFilter$VirtualFilterChain.doFilter(CompositeFilter.java:108)
	at org.springframework.security.web.FilterChainProxy.lambda$doFilterInternal$3(FilterChainProxy.java:231)
	at org.springframework.security.web.ObservationFilterChainDecorator$FilterObservation$SimpleFilterObservation.lambda$wrap$1(ObservationFilterChainDecorator.java:479)
	at org.springframework.security.web.ObservationFilterChainDecorator$AroundFilterObservation$SimpleAroundFilterObservation.lambda$wrap$1(ObservationFilterChainDecorator.java:340)
	at org.springframework.security.web.ObservationFilterChainDecorator.lambda$wrapSecured$0(ObservationFilterChainDecorator.java:82)
	at org.springframework.security.web.ObservationFilterChainDecorator$VirtualFilterChain.doFilter(ObservationFilterChainDecorator.java:128)
	at org.springframework.security.web.access.intercept.AuthorizationFilter.doFilter(AuthorizationFilter.java:101)
	at org.springframework.security.web.ObservationFilterChainDecorator$ObservationFilter.wrapFilter(ObservationFilterChainDecorator.java:240)
	at org.springframework.security.web.ObservationFilterChainDecorator$ObservationFilter.doFilter(ObservationFilterChainDecorator.java:227)
	at org.springframework.security.web.ObservationFilterChainDecorator$VirtualFilterChain.doFilter(ObservationFilterChainDecorator.java:137)
	at org.springframework.security.web.access.ExceptionTranslationFilter.doFilter(ExceptionTranslationFilter.java:125)
	at org.springframework.security.web.access.ExceptionTranslationFilter.doFilter(ExceptionTranslationFilter.java:119)
	at org.springframework.security.web.ObservationFilterChainDecorator$ObservationFilter.wrapFilter(ObservationFilterChainDecorator.java:240)
	at org.springframework.security.web.ObservationFilterChainDecorator$ObservationFilter.doFilter(ObservationFilterChainDecorator.java:227)
	at org.springframework.security.web.ObservationFilterChainDecorator$VirtualFilterChain.doFilter(ObservationFilterChainDecorator.java:137)
	at org.springframework.security.web.session.SessionManagementFilter.doFilter(SessionManagementFilter.java:131)
	at org.springframework.security.web.session.SessionManagementFilter.doFilter(SessionManagementFilter.java:85)
	at org.springframework.security.web.ObservationFilterChainDecorator$ObservationFilter.wrapFilter(ObservationFilterChainDecorator.java:240)
	at org.springframework.security.web.ObservationFilterChainDecorator$ObservationFilter.doFilter(ObservationFilterChainDecorator.java:227)
	at org.springframework.security.web.ObservationFilterChainDecorator$VirtualFilterChain.doFilter(ObservationFilterChainDecorator.java:137)
	at org.springframework.security.web.authentication.AnonymousAuthenticationFilter.doFilter(AnonymousAuthenticationFilter.java:100)
	at org.springframework.security.web.ObservationFilterChainDecorator$ObservationFilter.wrapFilter(ObservationFilterChainDecorator.java:240)
	at org.springframework.security.web.ObservationFilterChainDecorator$ObservationFilter.doFilter(ObservationFilterChainDecorator.java:227)
	at org.springframework.security.web.ObservationFilterChainDecorator$VirtualFilterChain.doFilter(ObservationFilterChainDecorator.java:137)
	at org.springframework.security.web.servletapi.SecurityContextHolderAwareRequestFilter.doFilter(SecurityContextHolderAwareRequestFilter.java:179)
	at org.springframework.security.web.ObservationFilterChainDecorator$ObservationFilter.wrapFilter(ObservationFilterChainDecorator.java:240)
	at org.springframework.security.web.ObservationFilterChainDecorator$ObservationFilter.doFilter(ObservationFilterChainDecorator.java:227)
	at org.springframework.security.web.ObservationFilterChainDecorator$VirtualFilterChain.doFilter(ObservationFilterChainDecorator.java:137)
	at org.springframework.security.web.savedrequest.RequestCacheAwareFilter.doFilter(RequestCacheAwareFilter.java:63)
	at org.springframework.security.web.ObservationFilterChainDecorator$ObservationFilter.wrapFilter(ObservationFilterChainDecorator.java:240)
	at org.springframework.security.web.ObservationFilterChainDecorator$ObservationFilter.doFilter(ObservationFilterChainDecorator.java:227)
	at org.springframework.security.web.ObservationFilterChainDecorator$VirtualFilterChain.doFilter(ObservationFilterChainDecorator.java:137)
	at chat.liuxin.liutech.filter.JwtAuthenticationFilter.doFilterInternal(JwtAuthenticationFilter.java:54)
	at org.springframework.web.filter.OncePerRequestFilter.doFilter(OncePerRequestFilter.java:116)
	at org.springframework.security.web.ObservationFilterChainDecorator$ObservationFilter.wrapFilter(ObservationFilterChainDecorator.java:240)
	at org.springframework.security.web.ObservationFilterChainDecorator$ObservationFilter.doFilter(ObservationFilterChainDecorator.java:227)
	at org.springframework.security.web.ObservationFilterChainDecorator$VirtualFilterChain.doFilter(ObservationFilterChainDecorator.java:137)
	at chat.liuxin.liutech.filter.RequestTraceFilter.doFilterInternal(RequestTraceFilter.java:44)
	at org.springframework.web.filter.OncePerRequestFilter.doFilter(OncePerRequestFilter.java:116)
	at org.springframework.security.web.ObservationFilterChainDecorator$ObservationFilter.wrapFilter(ObservationFilterChainDecorator.java:240)
	at org.springframework.security.web.ObservationFilterChainDecorator$ObservationFilter.doFilter(ObservationFilterChainDecorator.java:227)
	at org.springframework.security.web.ObservationFilterChainDecorator$VirtualFilterChain.doFilter(ObservationFilterChainDecorator.java:137)
	at org.springframework.security.web.authentication.logout.LogoutFilter.doFilter(LogoutFilter.java:107)
	at org.springframework.security.web.authentication.logout.LogoutFilter.doFilter(LogoutFilter.java:93)
	at org.springframework.security.web.ObservationFilterChainDecorator$ObservationFilter.wrapFilter(ObservationFilterChainDecorator.java:240)
	at org.springframework.security.web.ObservationFilterChainDecorator$ObservationFilter.doFilter(ObservationFilterChainDecorator.java:227)
	at org.springframework.security.web.ObservationFilterChainDecorator$VirtualFilterChain.doFilter(ObservationFilterChainDecorator.java:137)
	at org.springframework.web.filter.CorsFilter.doFilterInternal(CorsFilter.java:91)
	at org.springframework.web.filter.OncePerRequestFilter.doFilter(OncePerRequestFilter.java:116)
	at org.springframework.security.web.ObservationFilterChainDecorator$ObservationFilter.wrapFilter(ObservationFilterChainDecorator.java:240)
	at org.springframework.security.web.ObservationFilterChainDecorator$ObservationFilter.doFilter(ObservationFilterChainDecorator.java:227)
	at org.springframework.security.web.ObservationFilterChainDecorator$VirtualFilterChain.doFilter(ObservationFilterChainDecorator.java:137)
	at org.springframework.security.web.header.HeaderWriterFilter.doHeadersAfter(HeaderWriterFilter.java:90)
	at org.springframework.security.web.header.HeaderWriterFilter.doFilterInternal(HeaderWriterFilter.java:75)
	at org.springframework.web.filter.OncePerRequestFilter.doFilter(OncePerRequestFilter.java:116)
	at org.springframework.security.web.ObservationFilterChainDecorator$ObservationFilter.wrapFilter(ObservationFilterChainDecorator.java:240)
	at org.springframework.security.web.ObservationFilterChainDecorator$ObservationFilter.doFilter(ObservationFilterChainDecorator.java:227)
	at org.springframework.security.web.ObservationFilterChainDecorator$VirtualFilterChain.doFilter(ObservationFilterChainDecorator.java:137)
	at org.springframework.security.web.context.SecurityContextHolderFilter.doFilter(SecurityContextHolderFilter.java:82)
	at org.springframework.security.web.context.SecurityContextHolderFilter.doFilter(SecurityContextHolderFilter.java:69)
	at org.springframework.security.web.ObservationFilterChainDecorator$ObservationFilter.wrapFilter(ObservationFilterChainDecorator.java:240)
	at org.springframework.security.web.ObservationFilterChainDecorator$ObservationFilter.doFilter(ObservationFilterChainDecorator.java:227)
	at org.springframework.security.web.ObservationFilterChainDecorator$VirtualFilterChain.doFilter(ObservationFilterChainDecorator.java:137)
	at org.springframework.security.web.context.request.async.WebAsyncManagerIntegrationFilter.doFilterInternal(WebAsyncManagerIntegrationFilter.java:62)
	at org.springframework.web.filter.OncePerRequestFilter.doFilter(OncePerRequestFilter.java:116)
	at org.springframework.security.web.ObservationFilterChainDecorator$ObservationFilter.wrapFilter(ObservationFilterChainDecorator.java:240)
	at org.springframework.security.web.ObservationFilterChainDecorator$ObservationFilter.doFilter(ObservationFilterChainDecorator.java:227)
	at org.springframework.security.web.ObservationFilterChainDecorator$VirtualFilterChain.doFilter(ObservationFilterChainDecorator.java:137)
	at org.springframework.security.web.session.DisableEncodeUrlFilter.doFilterInternal(DisableEncodeUrlFilter.java:42)
	at org.springframework.web.filter.OncePerRequestFilter.doFilter(OncePerRequestFilter.java:116)
	at org.springframework.security.web.ObservationFilterChainDecorator$ObservationFilter.wrapFilter(ObservationFilterChainDecorator.java:240)
	at org.springframework.security.web.ObservationFilterChainDecorator$AroundFilterObservation$SimpleAroundFilterObservation.lambda$wrap$0(ObservationFilterChainDecorator.java:323)
	at org.springframework.security.web.ObservationFilterChainDecorator$ObservationFilter.doFilter(ObservationFilterChainDecorator.java:224)
	at org.springframework.security.web.ObservationFilterChainDecorator$VirtualFilterChain.doFilter(ObservationFilterChainDecorator.java:137)
	at org.springframework.security.web.FilterChainProxy.doFilterInternal(FilterChainProxy.java:233)
	at org.springframework.security.web.FilterChainProxy.doFilter(FilterChainProxy.java:191)
	at org.springframework.web.filter.CompositeFilter$VirtualFilterChain.doFilter(CompositeFilter.java:113)
	at org.springframework.web.filter.ServletRequestPathFilter.doFilter(ServletRequestPathFilter.java:52)
	at org.springframework.web.filter.CompositeFilter$VirtualFilterChain.doFilter(CompositeFilter.java:113)
	at org.springframework.web.filter.CompositeFilter.doFilter(CompositeFilter.java:74)
	at org.springframework.security.config.annotation.web.configuration.WebSecurityConfiguration$CompositeFilterChainProxy.doFilter(WebSecurityConfiguration.java:319)
	at org.springframework.web.filter.CompositeFilter$VirtualFilterChain.doFilter(CompositeFilter.java:113)
	at org.springframework.web.servlet.handler.HandlerMappingIntrospector.lambda$createCacheFilter$4(HandlerMappingIntrospector.java:267)
	at org.springframework.web.filter.CompositeFilter$VirtualFilterChain.doFilter(CompositeFilter.java:113)
	at org.springframework.web.filter.CompositeFilter.doFilter(CompositeFilter.java:74)
	at org.springframework.security.config.annotation.web.configuration.WebMvcSecurityConfiguration$CompositeFilterChainProxy.doFilter(WebMvcSecurityConfiguration.java:240)
	at org.springframework.web.filter.DelegatingFilterProxy.invokeDelegate(DelegatingFilterProxy.java:362)
	at org.springframework.web.filter.DelegatingFilterProxy.doFilter(DelegatingFilterProxy.java:278)
	at org.apache.catalina.core.ApplicationFilterChain.internalDoFilter(ApplicationFilterChain.java:164)
	at org.apache.catalina.core.ApplicationFilterChain.doFilter(ApplicationFilterChain.java:140)
	at org.springframework.web.filter.RequestContextFilter.doFilterInternal(RequestContextFilter.java:100)
	at org.springframework.web.filter.OncePerRequestFilter.doFilter(OncePerRequestFilter.java:116)
	at org.apache.catalina.core.ApplicationFilterChain.internalDoFilter(ApplicationFilterChain.java:164)
	at org.apache.catalina.core.ApplicationFilterChain.doFilter(ApplicationFilterChain.java:140)
	at org.springframework.web.filter.FormContentFilter.doFilterInternal(FormContentFilter.java:93)
	at org.springframework.web.filter.OncePerRequestFilter.doFilter(OncePerRequestFilter.java:116)
	at org.apache.catalina.core.ApplicationFilterChain.internalDoFilter(ApplicationFilterChain.java:164)
	at org.apache.catalina.core.ApplicationFilterChain.doFilter(ApplicationFilterChain.java:140)
	at org.springframework.web.filter.ServerHttpObservationFilter.doFilterInternal(ServerHttpObservationFilter.java:110)
	at org.springframework.web.filter.OncePerRequestFilter.doFilter(OncePerRequestFilter.java:116)
	at org.apache.catalina.core.ApplicationFilterChain.internalDoFilter(ApplicationFilterChain.java:164)
	at org.apache.catalina.core.ApplicationFilterChain.doFilter(ApplicationFilterChain.java:140)
	at org.springframework.web.filter.CharacterEncodingFilter.doFilterInternal(CharacterEncodingFilter.java:201)
	at org.springframework.web.filter.OncePerRequestFilter.doFilter(OncePerRequestFilter.java:116)
	at org.apache.catalina.core.ApplicationFilterChain.internalDoFilter(ApplicationFilterChain.java:164)
	at org.apache.catalina.core.ApplicationFilterChain.doFilter(ApplicationFilterChain.java:140)
	at org.apache.catalina.core.StandardWrapperValve.invoke(StandardWrapperValve.java:167)
	at org.apache.catalina.core.StandardContextValve.invoke(StandardContextValve.java:90)
	at org.apache.catalina.authenticator.AuthenticatorBase.invoke(AuthenticatorBase.java:483)
	at org.apache.catalina.core.StandardHostValve.invoke(StandardHostValve.java:116)
	at org.apache.catalina.valves.ErrorReportValve.invoke(ErrorReportValve.java:93)
	at org.apache.catalina.core.StandardEngineValve.invoke(StandardEngineValve.java:74)
	at org.apache.catalina.connector.CoyoteAdapter.service(CoyoteAdapter.java:344)
	at org.apache.coyote.http11.Http11Processor.service(Http11Processor.java:398)
	at org.apache.coyote.AbstractProcessorLight.process(AbstractProcessorLight.java:63)
	at org.apache.coyote.AbstractProtocol$ConnectionHandler.process(AbstractProtocol.java:903)
	at org.apache.tomcat.util.net.NioEndpoint$SocketProcessor.doRun(NioEndpoint.java:1776)
	at org.apache.tomcat.util.net.SocketProcessorBase.run(SocketProcessorBase.java:52)
	at org.apache.tomcat.util.threads.ThreadPoolExecutor.runWorker(ThreadPoolExecutor.java:975)
	at org.apache.tomcat.util.threads.ThreadPoolExecutor$Worker.run(ThreadPoolExecutor.java:493)
	at org.apache.tomcat.util.threads.TaskThread$WrappingRunnable.run(TaskThread.java:63)
	at java.base/java.lang.Thread.run(Thread.java:1583)
2025-10-21 11:32:13.913 [http-nio-8080-exec-8] INFO  [0b1e7f1cf6594152] chat.liuxin.liutech.filter.RequestTraceFilter - 请求结束: GET /uploads/images/2025/10/14/20251014170639_dc429483169e49a7a2ebd5528c45fc40.jpg [traceId=0b1e7f1cf6594152] - 用时: 7 ms
2025-10-21 11:33:54.148 [http-nio-8080-exec-4] INFO  [59e6c51183d647ea] chat.liuxin.liutech.filter.RequestTraceFilter - 请求开始: GET /posts/2 [traceId=59e6c51183d647ea]
2025-10-21 11:33:54.148 [http-nio-8080-exec-4] INFO  [59e6c51183d647ea] c.liuxin.liutech.filter.JwtAuthenticationFilter - 处理请求: GET /posts/2
2025-10-21 11:33:54.151 [http-nio-8080-exec-4] INFO  [59e6c51183d647ea] c.liuxin.liutech.filter.JwtAuthenticationFilter - JWT认证成功，用户: admin, 角色: [ROLE_USER, ROLE_ADMIN], 请求路径: /posts/2
2025-10-21 11:33:54.153 [http-nio-8080-exec-4] INFO  [59e6c51183d647ea] chat.liuxin.liutech.aspect.RequestTimingAspect - ========== 请求开始 ==========
2025-10-21 11:33:54.153 [http-nio-8080-exec-4] INFO  [59e6c51183d647ea] chat.liuxin.liutech.aspect.RequestTimingAspect - 请求URL: GET http://127.0.0.1:8080/posts/2
2025-10-21 11:33:54.153 [http-nio-8080-exec-4] INFO  [59e6c51183d647ea] chat.liuxin.liutech.aspect.RequestTimingAspect - 调用方法: PostsController.getPostDetail
2025-10-21 11:33:54.153 [http-nio-8080-exec-4] INFO  [59e6c51183d647ea] chat.liuxin.liutech.aspect.RequestTimingAspect - 客户端IP: 127.0.0.1
2025-10-21 11:33:54.153 [http-nio-8080-exec-4] INFO  [59e6c51183d647ea] chat.liuxin.liutech.aspect.RequestTimingAspect - 请求参数: [2, SecurityContextHolderAwareRequestWrapper[ org.springframework.security.web.header.HeaderWriterFilter$HeaderWriterRequest@4001b0a3]]
2025-10-21 11:33:54.154 [http-nio-8080-exec-4] INFO  [59e6c51183d647ea] chat.liuxin.liutech.aspect.RequestTimingAspect - 开始时间: Tue Oct 21 11:33:54 CST 2025
2025-10-21 11:33:54.154 [http-nio-8080-exec-4] INFO  [59e6c51183d647ea] c.liuxin.liutech.controller.web.PostsController - 查询文章详情 - ID: 2
2025-10-21 11:33:54.204 [http-nio-8080-exec-4] INFO  [59e6c51183d647ea] c.liuxin.liutech.controller.web.PostsController - 查询文章详情成功 - 标题: 测试
2025-10-21 11:33:54.204 [http-nio-8080-exec-4] INFO  [59e6c51183d647ea] chat.liuxin.liutech.aspect.RequestTimingAspect - ========== 请求结束 ==========
2025-10-21 11:33:54.204 [http-nio-8080-exec-4] INFO  [59e6c51183d647ea] chat.liuxin.liutech.aspect.RequestTimingAspect - 结束时间: Tue Oct 21 11:33:54 CST 2025
2025-10-21 11:33:54.204 [http-nio-8080-exec-4] INFO  [59e6c51183d647ea] chat.liuxin.liutech.aspect.RequestTimingAspect - 执行耗时: 51 ms
2025-10-21 11:33:54.204 [http-nio-8080-exec-4] INFO  [59e6c51183d647ea] chat.liuxin.liutech.aspect.RequestTimingAspect - 执行状态: 成功
2025-10-21 11:33:54.205 [http-nio-8080-exec-4] INFO  [59e6c51183d647ea] chat.liuxin.liutech.aspect.RequestTimingAspect - ================================
2025-10-21 11:33:54.209 [http-nio-8080-exec-4] INFO  [59e6c51183d647ea] chat.liuxin.liutech.filter.RequestTraceFilter - 请求结束: GET /posts/2 [traceId=59e6c51183d647ea] - 用时: 61 ms
2025-10-21 11:33:54.222 [http-nio-8080-exec-7] INFO  [be2fd615c4ea4bbf] chat.liuxin.liutech.filter.RequestTraceFilter - 请求开始: GET /comments/post/2/tree [traceId=be2fd615c4ea4bbf]
2025-10-21 11:33:54.222 [http-nio-8080-exec-7] INFO  [be2fd615c4ea4bbf] c.liuxin.liutech.filter.JwtAuthenticationFilter - 处理请求: GET /comments/post/2/tree
2025-10-21 11:33:54.223 [http-nio-8080-exec-7] INFO  [be2fd615c4ea4bbf] c.liuxin.liutech.filter.JwtAuthenticationFilter - JWT认证成功，用户: admin, 角色: [ROLE_USER, ROLE_ADMIN], 请求路径: /comments/post/2/tree
2025-10-21 11:33:54.224 [http-nio-8080-exec-7] INFO  [be2fd615c4ea4bbf] chat.liuxin.liutech.aspect.RequestTimingAspect - ========== 请求开始 ==========
2025-10-21 11:33:54.225 [http-nio-8080-exec-7] INFO  [be2fd615c4ea4bbf] chat.liuxin.liutech.aspect.RequestTimingAspect - 请求URL: GET http://127.0.0.1:8080/comments/post/2/tree
2025-10-21 11:33:54.225 [http-nio-8080-exec-7] INFO  [be2fd615c4ea4bbf] chat.liuxin.liutech.aspect.RequestTimingAspect - 调用方法: CommentsController.getTreeCommentsByPostId
2025-10-21 11:33:54.225 [http-nio-8080-exec-7] INFO  [be2fd615c4ea4bbf] chat.liuxin.liutech.aspect.RequestTimingAspect - 客户端IP: 127.0.0.1
2025-10-21 11:33:54.225 [http-nio-8080-exec-7] INFO  [be2fd615c4ea4bbf] chat.liuxin.liutech.aspect.RequestTimingAspect - 请求参数: [2]
2025-10-21 11:33:54.225 [http-nio-8080-exec-7] INFO  [be2fd615c4ea4bbf] chat.liuxin.liutech.aspect.RequestTimingAspect - 开始时间: Tue Oct 21 11:33:54 CST 2025
2025-10-21 11:33:54.225 [http-nio-8080-exec-7] INFO  [be2fd615c4ea4bbf] c.liuxin.liutech.controller.web.CommentsController - 查询文章树形评论 - 文章ID: 2
2025-10-21 11:33:54.229 [http-nio-8080-exec-7] INFO  [be2fd615c4ea4bbf] c.liuxin.liutech.controller.web.CommentsController - 查询文章树形评论成功 - 文章ID: 2, 顶级评论数: 0
2025-10-21 11:33:54.229 [http-nio-8080-exec-7] INFO  [be2fd615c4ea4bbf] chat.liuxin.liutech.aspect.RequestTimingAspect - ========== 请求结束 ==========
2025-10-21 11:33:54.229 [http-nio-8080-exec-7] INFO  [be2fd615c4ea4bbf] chat.liuxin.liutech.aspect.RequestTimingAspect - 结束时间: Tue Oct 21 11:33:54 CST 2025
2025-10-21 11:33:54.229 [http-nio-8080-exec-7] INFO  [be2fd615c4ea4bbf] chat.liuxin.liutech.aspect.RequestTimingAspect - 执行耗时: 5 ms
2025-10-21 11:33:54.230 [http-nio-8080-exec-7] INFO  [be2fd615c4ea4bbf] chat.liuxin.liutech.aspect.RequestTimingAspect - 执行状态: 成功
2025-10-21 11:33:54.230 [http-nio-8080-exec-7] INFO  [be2fd615c4ea4bbf] chat.liuxin.liutech.aspect.RequestTimingAspect - ================================
2025-10-21 11:33:54.230 [http-nio-8080-exec-7] INFO  [be2fd615c4ea4bbf] chat.liuxin.liutech.filter.RequestTraceFilter - 请求结束: GET /comments/post/2/tree [traceId=be2fd615c4ea4bbf] - 用时: 8 ms
2025-10-21 11:38:45.030 [SpringApplicationShutdownHook] INFO  [] o.s.boot.web.embedded.tomcat.GracefulShutdown - Commencing graceful shutdown. Waiting for active requests to complete
2025-10-21 11:38:45.035 [tomcat-shutdown] INFO  [] o.s.boot.web.embedded.tomcat.GracefulShutdown - Graceful shutdown complete
2025-10-21 11:38:45.039 [SpringApplicationShutdownHook] INFO  [] com.zaxxer.hikari.HikariDataSource - HikariCP-Blog - Shutdown initiated...
2025-10-21 11:38:45.041 [SpringApplicationShutdownHook] INFO  [] com.zaxxer.hikari.HikariDataSource - HikariCP-Blog - Shutdown completed.
2025-10-21 11:38:47.752 [main] INFO  [] chat.liuxin.liutech.LiuTechApplication - Starting LiuTechApplication using Java 21.0.5 with PID 22692 (F:\工程代码\Liutech\LiuTech\target\classes started by Administrator in F:\工程代码\Liutech)
2025-10-21 11:38:47.754 [main] INFO  [] chat.liuxin.liutech.LiuTechApplication - The following 1 profile is active: "dev"
2025-10-21 11:38:48.834 [main] INFO  [] o.s.boot.web.embedded.tomcat.TomcatWebServer - Tomcat initialized with port 8080 (http)
2025-10-21 11:38:48.841 [main] INFO  [] org.apache.coyote.http11.Http11NioProtocol - Initializing ProtocolHandler ["http-nio-8080"]
2025-10-21 11:38:48.842 [main] INFO  [] org.apache.catalina.core.StandardService - Starting service [Tomcat]
2025-10-21 11:38:48.843 [main] INFO  [] org.apache.catalina.core.StandardEngine - Starting Servlet engine: [Apache Tomcat/10.1.46]
2025-10-21 11:38:48.870 [main] INFO  [] o.a.c.core.ContainerBase.[Tomcat].[localhost].[/] - Initializing Spring embedded WebApplicationContext
2025-10-21 11:38:48.872 [main] INFO  [] o.s.b.w.s.c.ServletWebServerApplicationContext - Root WebApplicationContext: initialization completed in 1092 ms
2025-10-21 11:38:49.273 [main] ERROR [] c.baomidou.mybatisplus.core.MybatisConfiguration - mapper[chat.liuxin.liutech.mapper.PostsMapper.selectLatestPostListResl] is ignored, because it exists, maybe from xml file
2025-10-21 11:38:49.280 [main] WARN  [] c.b.mybatisplus.core.injector.methods.Insert - [chat.liuxin.liutech.mapper.PostsMapper.insert] Has been loaded by XML or SqlProvider or Mybatis's Annotation, so ignoring this injection for [class com.baomidou.mybatisplus.core.injector.methods.Insert]
2025-10-21 11:38:49.285 [main] WARN  [] c.b.mybatisplus.core.injector.methods.DeleteById - [chat.liuxin.liutech.mapper.PostsMapper.deleteById] Has been loaded by XML or SqlProvider or Mybatis's Annotation, so ignoring this injection for [class com.baomidou.mybatisplus.core.injector.methods.DeleteById]
2025-10-21 11:38:49.286 [main] WARN  [] c.b.mybatisplus.core.injector.methods.UpdateById - [chat.liuxin.liutech.mapper.PostsMapper.updateById] Has been loaded by XML or SqlProvider or Mybatis's Annotation, so ignoring this injection for [class com.baomidou.mybatisplus.core.injector.methods.UpdateById]
2025-10-21 11:38:49.287 [main] WARN  [] c.b.mybatisplus.core.injector.methods.SelectById - [chat.liuxin.liutech.mapper.PostsMapper.selectById] Has been loaded by XML or SqlProvider or Mybatis's Annotation, so ignoring this injection for [class com.baomidou.mybatisplus.core.injector.methods.SelectById]
2025-10-21 11:38:49.290 [main] WARN  [] c.b.mybatisplus.core.metadata.TableInfoHelper - Can not find table primary key in Class: "chat.liuxin.liutech.model.PostTags".
2025-10-21 11:38:49.290 [main] WARN  [] c.b.mybatisplus.core.injector.DefaultSqlInjector - class chat.liuxin.liutech.model.PostTags ,Not found @TableId annotation, Cannot use Mybatis-Plus 'xxById' Method.
2025-10-21 11:38:50.143 [main] INFO  [] o.s.b.actuate.endpoint.web.EndpointLinksResolver - Exposing 1 endpoint beneath base path '/actuator'
2025-10-21 11:38:50.174 [main] WARN  [] o.s.b.a.s.s.UserDetailsServiceAutoConfiguration - 

Using generated security password: 4e0b9bfa-3020-4a3d-9880-ea1ea85b7484

This generated password is for development use only. Your security configuration must be updated before running your application in production.

2025-10-21 11:38:50.513 [main] INFO  [] org.apache.coyote.http11.Http11NioProtocol - Starting ProtocolHandler ["http-nio-8080"]
2025-10-21 11:38:50.522 [main] INFO  [] o.s.boot.web.embedded.tomcat.TomcatWebServer - Tomcat started on port 8080 (http) with context path '/'
2025-10-21 11:38:50.529 [main] INFO  [] chat.liuxin.liutech.LiuTechApplication - Started LiuTechApplication in 3.114 seconds (process running for 3.433)
2025-10-21 11:38:50.822 [RMI TCP Connection(2)-172.22.96.1] INFO  [] o.a.c.core.ContainerBase.[Tomcat].[localhost].[/] - Initializing Spring DispatcherServlet 'dispatcherServlet'
2025-10-21 11:38:50.822 [RMI TCP Connection(3)-172.22.96.1] INFO  [] com.zaxxer.hikari.HikariDataSource - HikariCP-Blog - Starting...
2025-10-21 11:38:50.948 [RMI TCP Connection(3)-172.22.96.1] INFO  [] com.zaxxer.hikari.pool.HikariPool - HikariCP-Blog - Added connection com.mysql.cj.jdbc.ConnectionImpl@31e0994d
2025-10-21 11:38:50.950 [RMI TCP Connection(3)-172.22.96.1] INFO  [] com.zaxxer.hikari.HikariDataSource - HikariCP-Blog - Start completed.
2025-10-21 11:38:57.717 [http-nio-8080-exec-5] INFO  [e4e9228af20548e3] chat.liuxin.liutech.filter.RequestTraceFilter - 请求开始: GET /tags/hot [traceId=e4e9228af20548e3]
2025-10-21 11:38:57.717 [http-nio-8080-exec-1] INFO  [d1b19963c1dd40b2] chat.liuxin.liutech.filter.RequestTraceFilter - 请求开始: GET /user/current [traceId=d1b19963c1dd40b2]
2025-10-21 11:38:57.717 [http-nio-8080-exec-4] INFO  [6d1d03c7fcf34ff4] chat.liuxin.liutech.filter.RequestTraceFilter - 请求开始: GET /categories [traceId=6d1d03c7fcf34ff4]
2025-10-21 11:38:57.717 [http-nio-8080-exec-3] INFO  [6ac57732926f4ecf] chat.liuxin.liutech.filter.RequestTraceFilter - 请求开始: GET /tags [traceId=6ac57732926f4ecf]
2025-10-21 11:38:57.722 [http-nio-8080-exec-6] INFO  [4045621b870f4d26] chat.liuxin.liutech.filter.RequestTraceFilter - 请求开始: GET /posts/2 [traceId=4045621b870f4d26]
2025-10-21 11:38:57.760 [http-nio-8080-exec-4] INFO  [6d1d03c7fcf34ff4] c.liuxin.liutech.filter.JwtAuthenticationFilter - JWT认证成功，用户: admin, 角色: [ROLE_USER, ROLE_ADMIN], 请求路径: /categories
2025-10-21 11:38:57.760 [http-nio-8080-exec-1] INFO  [d1b19963c1dd40b2] c.liuxin.liutech.filter.JwtAuthenticationFilter - JWT认证成功，用户: admin, 角色: [ROLE_USER, ROLE_ADMIN], 请求路径: /user/current
2025-10-21 11:38:57.760 [http-nio-8080-exec-5] INFO  [e4e9228af20548e3] c.liuxin.liutech.filter.JwtAuthenticationFilter - JWT认证成功，用户: admin, 角色: [ROLE_USER, ROLE_ADMIN], 请求路径: /tags/hot
2025-10-21 11:38:57.760 [http-nio-8080-exec-3] INFO  [6ac57732926f4ecf] c.liuxin.liutech.filter.JwtAuthenticationFilter - JWT认证成功，用户: admin, 角色: [ROLE_USER, ROLE_ADMIN], 请求路径: /tags
2025-10-21 11:38:57.760 [http-nio-8080-exec-6] INFO  [4045621b870f4d26] c.liuxin.liutech.filter.JwtAuthenticationFilter - JWT认证成功，用户: admin, 角色: [ROLE_USER, ROLE_ADMIN], 请求路径: /posts/2
2025-10-21 11:38:57.799 [http-nio-8080-exec-4] INFO  [6d1d03c7fcf34ff4] chat.liuxin.liutech.aspect.RequestTimingAspect - ========== 请求开始 ==========
2025-10-21 11:38:57.799 [http-nio-8080-exec-1] INFO  [d1b19963c1dd40b2] chat.liuxin.liutech.aspect.RequestTimingAspect - ========== 请求开始 ==========
2025-10-21 11:38:57.799 [http-nio-8080-exec-3] INFO  [6ac57732926f4ecf] chat.liuxin.liutech.aspect.RequestTimingAspect - ========== 请求开始 ==========
2025-10-21 11:38:57.799 [http-nio-8080-exec-6] INFO  [4045621b870f4d26] chat.liuxin.liutech.aspect.RequestTimingAspect - ========== 请求开始 ==========
2025-10-21 11:38:57.799 [http-nio-8080-exec-5] INFO  [e4e9228af20548e3] chat.liuxin.liutech.aspect.RequestTimingAspect - ========== 请求开始 ==========
2025-10-21 11:38:57.800 [http-nio-8080-exec-3] INFO  [6ac57732926f4ecf] chat.liuxin.liutech.aspect.RequestTimingAspect - 请求URL: GET http://127.0.0.1:8080/tags
2025-10-21 11:38:57.800 [http-nio-8080-exec-6] INFO  [4045621b870f4d26] chat.liuxin.liutech.aspect.RequestTimingAspect - 请求URL: GET http://127.0.0.1:8080/posts/2
2025-10-21 11:38:57.800 [http-nio-8080-exec-4] INFO  [6d1d03c7fcf34ff4] chat.liuxin.liutech.aspect.RequestTimingAspect - 请求URL: GET http://127.0.0.1:8080/categories
2025-10-21 11:38:57.800 [http-nio-8080-exec-5] INFO  [e4e9228af20548e3] chat.liuxin.liutech.aspect.RequestTimingAspect - 请求URL: GET http://127.0.0.1:8080/tags/hot
2025-10-21 11:38:57.800 [http-nio-8080-exec-1] INFO  [d1b19963c1dd40b2] chat.liuxin.liutech.aspect.RequestTimingAspect - 请求URL: GET http://127.0.0.1:8080/user/current
2025-10-21 11:38:57.800 [http-nio-8080-exec-6] INFO  [4045621b870f4d26] chat.liuxin.liutech.aspect.RequestTimingAspect - 调用方法: PostsController.getPostDetail
2025-10-21 11:38:57.800 [http-nio-8080-exec-3] INFO  [6ac57732926f4ecf] chat.liuxin.liutech.aspect.RequestTimingAspect - 调用方法: TagsController.getAllTags
2025-10-21 11:38:57.800 [http-nio-8080-exec-4] INFO  [6d1d03c7fcf34ff4] chat.liuxin.liutech.aspect.RequestTimingAspect - 调用方法: CategoriesController.getAllCategories
2025-10-21 11:38:57.800 [http-nio-8080-exec-5] INFO  [e4e9228af20548e3] chat.liuxin.liutech.aspect.RequestTimingAspect - 调用方法: TagsController.getHotTags
2025-10-21 11:38:57.801 [http-nio-8080-exec-1] INFO  [d1b19963c1dd40b2] chat.liuxin.liutech.aspect.RequestTimingAspect - 调用方法: UserController.getCurrentUser
2025-10-21 11:38:57.801 [http-nio-8080-exec-5] INFO  [e4e9228af20548e3] chat.liuxin.liutech.aspect.RequestTimingAspect - 客户端IP: 127.0.0.1
2025-10-21 11:38:57.801 [http-nio-8080-exec-6] INFO  [4045621b870f4d26] chat.liuxin.liutech.aspect.RequestTimingAspect - 客户端IP: 127.0.0.1
2025-10-21 11:38:57.801 [http-nio-8080-exec-3] INFO  [6ac57732926f4ecf] chat.liuxin.liutech.aspect.RequestTimingAspect - 客户端IP: 127.0.0.1
2025-10-21 11:38:57.801 [http-nio-8080-exec-1] INFO  [d1b19963c1dd40b2] chat.liuxin.liutech.aspect.RequestTimingAspect - 客户端IP: 127.0.0.1
2025-10-21 11:38:57.801 [http-nio-8080-exec-4] INFO  [6d1d03c7fcf34ff4] chat.liuxin.liutech.aspect.RequestTimingAspect - 客户端IP: 127.0.0.1
2025-10-21 11:38:57.801 [http-nio-8080-exec-3] INFO  [6ac57732926f4ecf] chat.liuxin.liutech.aspect.RequestTimingAspect - 开始时间: Tue Oct 21 11:38:57 CST 2025
2025-10-21 11:38:57.801 [http-nio-8080-exec-4] INFO  [6d1d03c7fcf34ff4] chat.liuxin.liutech.aspect.RequestTimingAspect - 开始时间: Tue Oct 21 11:38:57 CST 2025
2025-10-21 11:38:57.801 [http-nio-8080-exec-1] INFO  [d1b19963c1dd40b2] chat.liuxin.liutech.aspect.RequestTimingAspect - 开始时间: Tue Oct 21 11:38:57 CST 2025
2025-10-21 11:38:57.801 [http-nio-8080-exec-5] INFO  [e4e9228af20548e3] chat.liuxin.liutech.aspect.RequestTimingAspect - 请求参数: [10]
2025-10-21 11:38:57.802 [http-nio-8080-exec-3] INFO  [6ac57732926f4ecf] chat.liuxin.liutech.controller.web.TagsController - 查询所有标签
2025-10-21 11:38:57.802 [http-nio-8080-exec-1] INFO  [d1b19963c1dd40b2] chat.liuxin.liutech.controller.web.UserController - 收到获取当前用户信息请求
2025-10-21 11:38:57.802 [http-nio-8080-exec-4] INFO  [6d1d03c7fcf34ff4] c.l.liutech.controller.web.CategoriesController - 查询所有分类
2025-10-21 11:38:57.802 [http-nio-8080-exec-6] INFO  [4045621b870f4d26] chat.liuxin.liutech.aspect.RequestTimingAspect - 请求参数: [2, SecurityContextHolderAwareRequestWrapper[ org.springframework.security.web.header.HeaderWriterFilter$HeaderWriterRequest@1381c544]]
2025-10-21 11:38:57.802 [http-nio-8080-exec-5] INFO  [e4e9228af20548e3] chat.liuxin.liutech.aspect.RequestTimingAspect - 开始时间: Tue Oct 21 11:38:57 CST 2025
2025-10-21 11:38:57.802 [http-nio-8080-exec-5] INFO  [e4e9228af20548e3] chat.liuxin.liutech.controller.web.TagsController - 查询热门标签 - 限制数量: 10
2025-10-21 11:38:57.802 [http-nio-8080-exec-6] INFO  [4045621b870f4d26] chat.liuxin.liutech.aspect.RequestTimingAspect - 开始时间: Tue Oct 21 11:38:57 CST 2025
2025-10-21 11:38:57.804 [http-nio-8080-exec-6] INFO  [4045621b870f4d26] c.liuxin.liutech.controller.web.PostsController - 查询文章详情 - ID: 2
2025-10-21 11:38:57.859 [http-nio-8080-exec-3] INFO  [6ac57732926f4ecf] chat.liuxin.liutech.controller.web.TagsController - 查询标签成功 - 数量: 45
2025-10-21 11:38:57.860 [http-nio-8080-exec-3] INFO  [6ac57732926f4ecf] chat.liuxin.liutech.aspect.RequestTimingAspect - ========== 请求结束 耗时:61 执行结果:成功 ==========
2025-10-21 11:38:57.860 [http-nio-8080-exec-3] INFO  [6ac57732926f4ecf] chat.liuxin.liutech.aspect.RequestTimingAspect - ================================
2025-10-21 11:38:57.860 [http-nio-8080-exec-1] INFO  [d1b19963c1dd40b2] chat.liuxin.liutech.controller.web.UserController - 获取当前用户信息成功
2025-10-21 11:38:57.860 [http-nio-8080-exec-1] INFO  [d1b19963c1dd40b2] chat.liuxin.liutech.aspect.RequestTimingAspect - ========== 请求结束 耗时:61 执行结果:成功 ==========
2025-10-21 11:38:57.861 [http-nio-8080-exec-1] INFO  [d1b19963c1dd40b2] chat.liuxin.liutech.aspect.RequestTimingAspect - ================================
2025-10-21 11:38:57.870 [http-nio-8080-exec-5] INFO  [e4e9228af20548e3] chat.liuxin.liutech.controller.web.TagsController - 查询热门标签成功 - 数量: 10
2025-10-21 11:38:57.870 [http-nio-8080-exec-4] INFO  [6d1d03c7fcf34ff4] c.l.liutech.controller.web.CategoriesController - 查询分类成功 - 数量: 12
2025-10-21 11:38:57.871 [http-nio-8080-exec-5] INFO  [e4e9228af20548e3] chat.liuxin.liutech.aspect.RequestTimingAspect - ========== 请求结束 耗时:72 执行结果:成功 ==========
2025-10-21 11:38:57.871 [http-nio-8080-exec-4] INFO  [6d1d03c7fcf34ff4] chat.liuxin.liutech.aspect.RequestTimingAspect - ========== 请求结束 耗时:72 执行结果:成功 ==========
2025-10-21 11:38:57.871 [http-nio-8080-exec-5] INFO  [e4e9228af20548e3] chat.liuxin.liutech.aspect.RequestTimingAspect - ================================
2025-10-21 11:38:57.871 [http-nio-8080-exec-4] INFO  [6d1d03c7fcf34ff4] chat.liuxin.liutech.aspect.RequestTimingAspect - ================================
2025-10-21 11:38:57.898 [http-nio-8080-exec-5] INFO  [e4e9228af20548e3] chat.liuxin.liutech.filter.RequestTraceFilter - 请求结束: GET /tags/hot [traceId=e4e9228af20548e3] - 用时: 181 ms
2025-10-21 11:38:57.898 [http-nio-8080-exec-4] INFO  [6d1d03c7fcf34ff4] chat.liuxin.liutech.filter.RequestTraceFilter - 请求结束: GET /categories [traceId=6d1d03c7fcf34ff4] - 用时: 181 ms
2025-10-21 11:38:57.898 [http-nio-8080-exec-3] INFO  [6ac57732926f4ecf] chat.liuxin.liutech.filter.RequestTraceFilter - 请求结束: GET /tags [traceId=6ac57732926f4ecf] - 用时: 181 ms
2025-10-21 11:38:57.899 [http-nio-8080-exec-1] INFO  [d1b19963c1dd40b2] chat.liuxin.liutech.filter.RequestTraceFilter - 请求结束: GET /user/current [traceId=d1b19963c1dd40b2] - 用时: 182 ms
2025-10-21 11:38:57.939 [http-nio-8080-exec-6] INFO  [4045621b870f4d26] c.liuxin.liutech.controller.web.PostsController - 查询文章详情成功 - 标题: 测试
2025-10-21 11:38:57.941 [http-nio-8080-exec-6] INFO  [4045621b870f4d26] chat.liuxin.liutech.aspect.RequestTimingAspect - ========== 请求结束 耗时:142 执行结果:成功 ==========
2025-10-21 11:38:57.942 [http-nio-8080-exec-6] INFO  [4045621b870f4d26] chat.liuxin.liutech.aspect.RequestTimingAspect - ================================
2025-10-21 11:38:57.951 [http-nio-8080-exec-6] INFO  [4045621b870f4d26] chat.liuxin.liutech.filter.RequestTraceFilter - 请求结束: GET /posts/2 [traceId=4045621b870f4d26] - 用时: 229 ms
2025-10-21 11:38:58.000 [http-nio-8080-exec-2] INFO  [76bc66d3dba0488f] chat.liuxin.liutech.filter.RequestTraceFilter - 请求开始: GET /comments/post/2/tree [traceId=76bc66d3dba0488f]
2025-10-21 11:38:58.010 [http-nio-8080-exec-2] INFO  [76bc66d3dba0488f] c.liuxin.liutech.filter.JwtAuthenticationFilter - JWT认证成功，用户: admin, 角色: [ROLE_USER, ROLE_ADMIN], 请求路径: /comments/post/2/tree
2025-10-21 11:38:58.014 [http-nio-8080-exec-2] INFO  [76bc66d3dba0488f] chat.liuxin.liutech.aspect.RequestTimingAspect - ========== 请求开始 ==========
2025-10-21 11:38:58.016 [http-nio-8080-exec-2] INFO  [76bc66d3dba0488f] chat.liuxin.liutech.aspect.RequestTimingAspect - 请求URL: GET http://127.0.0.1:8080/comments/post/2/tree
2025-10-21 11:38:58.017 [http-nio-8080-exec-2] INFO  [76bc66d3dba0488f] chat.liuxin.liutech.aspect.RequestTimingAspect - 调用方法: CommentsController.getTreeCommentsByPostId
2025-10-21 11:38:58.017 [http-nio-8080-exec-2] INFO  [76bc66d3dba0488f] chat.liuxin.liutech.aspect.RequestTimingAspect - 客户端IP: 127.0.0.1
2025-10-21 11:38:58.017 [http-nio-8080-exec-2] INFO  [76bc66d3dba0488f] chat.liuxin.liutech.aspect.RequestTimingAspect - 请求参数: [2]
2025-10-21 11:38:58.017 [http-nio-8080-exec-2] INFO  [76bc66d3dba0488f] chat.liuxin.liutech.aspect.RequestTimingAspect - 开始时间: Tue Oct 21 11:38:58 CST 2025
2025-10-21 11:38:58.017 [http-nio-8080-exec-2] INFO  [76bc66d3dba0488f] c.liuxin.liutech.controller.web.CommentsController - 查询文章树形评论 - 文章ID: 2
2025-10-21 11:38:58.028 [http-nio-8080-exec-2] INFO  [76bc66d3dba0488f] c.liuxin.liutech.controller.web.CommentsController - 查询文章树形评论成功 - 文章ID: 2, 顶级评论数: 0
2025-10-21 11:38:58.029 [http-nio-8080-exec-2] INFO  [76bc66d3dba0488f] chat.liuxin.liutech.aspect.RequestTimingAspect - ========== 请求结束 耗时:15 执行结果:成功 ==========
2025-10-21 11:38:58.029 [http-nio-8080-exec-2] INFO  [76bc66d3dba0488f] chat.liuxin.liutech.aspect.RequestTimingAspect - ================================
2025-10-21 11:38:58.034 [http-nio-8080-exec-2] INFO  [76bc66d3dba0488f] chat.liuxin.liutech.filter.RequestTraceFilter - 请求结束: GET /comments/post/2/tree [traceId=76bc66d3dba0488f] - 用时: 34 ms
2025-10-21 11:40:51.248 [SpringApplicationShutdownHook] INFO  [] o.s.boot.web.embedded.tomcat.GracefulShutdown - Commencing graceful shutdown. Waiting for active requests to complete
2025-10-21 11:40:51.266 [tomcat-shutdown] INFO  [] o.s.boot.web.embedded.tomcat.GracefulShutdown - Graceful shutdown complete
2025-10-21 11:40:51.281 [SpringApplicationShutdownHook] INFO  [] com.zaxxer.hikari.HikariDataSource - HikariCP-Blog - Shutdown initiated...
2025-10-21 11:40:51.297 [SpringApplicationShutdownHook] INFO  [] com.zaxxer.hikari.HikariDataSource - HikariCP-Blog - Shutdown completed.
