2025-10-21 10:50:50.379 [main] INFO  chat.liuxin.liutech.LiuTechApplication - Starting LiuTechApplication using Java 21.0.5 with PID 18468 (F:\工程代码\Liutech\LiuTech\target\classes started by Administrator in F:\工程代码\Liutech\LiuTech)
2025-10-21 10:50:50.381 [main] INFO  chat.liuxin.liutech.LiuTechApplication - The following 1 profile is active: "dev"
2025-10-21 10:50:51.112 [main] INFO  o.s.d.r.config.RepositoryConfigurationDelegate - Multiple Spring Data modules found, entering strict repository configuration mode
2025-10-21 10:50:51.113 [main] INFO  o.s.d.r.config.RepositoryConfigurationDelegate - Bootstrapping Spring Data Redis repositories in DEFAULT mode.
2025-10-21 10:50:51.144 [main] INFO  o.s.d.r.config.RepositoryConfigurationDelegate - Finished Spring Data repository scanning in 16 ms. Found 0 Redis repository interfaces.
2025-10-21 10:50:51.857 [main] INFO  o.s.boot.web.embedded.tomcat.TomcatWebServer - Tomcat initialized with port 8080 (http)
2025-10-21 10:50:51.869 [main] INFO  org.apache.coyote.http11.Http11NioProtocol - Initializing ProtocolHandler ["http-nio-8080"]
2025-10-21 10:50:51.871 [main] INFO  org.apache.catalina.core.StandardService - Starting service [Tomcat]
2025-10-21 10:50:51.871 [main] INFO  org.apache.catalina.core.StandardEngine - Starting Servlet engine: [Apache Tomcat/10.1.46]
2025-10-21 10:50:51.917 [main] INFO  o.a.c.core.ContainerBase.[Tomcat].[localhost].[/] - Initializing Spring embedded WebApplicationContext
2025-10-21 10:50:51.917 [main] INFO  o.s.b.w.s.c.ServletWebServerApplicationContext - Root WebApplicationContext: initialization completed in 1501 ms
2025-10-21 10:50:52.152 [main] DEBUG c.b.m.e.spring.MybatisSqlSessionFactoryBean - Registered plugin: 'MybatisPlusInterceptor{interceptors=[PaginationInnerInterceptor(logger=org.apache.ibatis.logging.slf4j.Slf4jImpl@569a26ab, overflow=false, maxLimit=500, dbType=MYSQL, dialect=null, optimizeJoin=true), com.baomidou.mybatisplus.extension.plugins.inner.OptimisticLockerInnerInterceptor@70439c3]}'
2025-10-21 10:50:52.262 [main] DEBUG c.b.m.e.spring.MybatisSqlSessionFactoryBean - Parsed mapper file: 'file [F:\工程代码\Liutech\LiuTech\target\classes\mapper\CategoriesMapper.xml]'
2025-10-21 10:50:52.288 [main] DEBUG c.b.m.e.spring.MybatisSqlSessionFactoryBean - Parsed mapper file: 'file [F:\工程代码\Liutech\LiuTech\target\classes\mapper\CommentsMapper.xml]'
2025-10-21 10:50:52.300 [main] DEBUG c.b.m.e.spring.MybatisSqlSessionFactoryBean - Parsed mapper file: 'file [F:\工程代码\Liutech\LiuTech\target\classes\mapper\PostAttachmentsMapper.xml]'
2025-10-21 10:50:52.312 [main] DEBUG c.b.m.e.spring.MybatisSqlSessionFactoryBean - Parsed mapper file: 'file [F:\工程代码\Liutech\LiuTech\target\classes\mapper\PostFavoritesMapper.xml]'
2025-10-21 10:50:52.325 [main] DEBUG c.b.m.e.spring.MybatisSqlSessionFactoryBean - Parsed mapper file: 'file [F:\工程代码\Liutech\LiuTech\target\classes\mapper\PostLikesMapper.xml]'
2025-10-21 10:50:52.337 [main] ERROR c.baomidou.mybatisplus.core.MybatisConfiguration - mapper[chat.liuxin.liutech.mapper.PostsMapper.selectLatestPostListResl] is ignored, because it exists, maybe from xml file
2025-10-21 10:50:52.354 [main] DEBUG c.b.m.e.spring.MybatisSqlSessionFactoryBean - Parsed mapper file: 'file [F:\工程代码\Liutech\LiuTech\target\classes\mapper\PostsMapper.xml]'
2025-10-21 10:50:52.357 [main] WARN  c.b.mybatisplus.core.injector.DefaultSqlInjector - class chat.liuxin.liutech.model.PostTags ,Not found @TableId annotation, Cannot use Mybatis-Plus 'xxById' Method.
2025-10-21 10:50:52.362 [main] DEBUG c.b.m.e.spring.MybatisSqlSessionFactoryBean - Parsed mapper file: 'file [F:\工程代码\Liutech\LiuTech\target\classes\mapper\PostTagsMapper.xml]'
2025-10-21 10:50:52.373 [main] DEBUG c.b.m.e.spring.MybatisSqlSessionFactoryBean - Parsed mapper file: 'file [F:\工程代码\Liutech\LiuTech\target\classes\mapper\ResourceDownloadsMapper.xml]'
2025-10-21 10:50:52.386 [main] DEBUG c.b.m.e.spring.MybatisSqlSessionFactoryBean - Parsed mapper file: 'file [F:\工程代码\Liutech\LiuTech\target\classes\mapper\TagsMapper.xml]'
2025-10-21 10:50:52.401 [main] DEBUG c.b.m.e.spring.MybatisSqlSessionFactoryBean - Parsed mapper file: 'file [F:\工程代码\Liutech\LiuTech\target\classes\mapper\UserMapper.xml]'
2025-10-21 10:50:53.433 [main] INFO  o.s.b.actuate.endpoint.web.EndpointLinksResolver - Exposing 1 endpoint beneath base path '/actuator'
2025-10-21 10:50:53.469 [main] WARN  o.s.b.a.s.s.UserDetailsServiceAutoConfiguration - 

Using generated security password: 0efc4c01-955b-4576-8576-19d646115d14

This generated password is for development use only. Your security configuration must be updated before running your application in production.

2025-10-21 10:50:53.716 [main] INFO  c.b.m.e.spring.MybatisPlusApplicationContextAware - Register ApplicationContext instances org.springframework.boot.web.servlet.context.AnnotationConfigServletWebServerApplicationContext@48c35007
2025-10-21 10:50:53.979 [main] INFO  org.apache.coyote.http11.Http11NioProtocol - Starting ProtocolHandler ["http-nio-8080"]
2025-10-21 10:50:53.994 [main] INFO  o.s.boot.web.embedded.tomcat.TomcatWebServer - Tomcat started on port 8080 (http) with context path '/'
2025-10-21 10:50:54.003 [main] INFO  chat.liuxin.liutech.LiuTechApplication - Started LiuTechApplication in 4.062 seconds (process running for 4.274)
2025-10-21 10:51:03.914 [http-nio-8080-exec-1] INFO  o.a.c.core.ContainerBase.[Tomcat].[localhost].[/] - Initializing Spring DispatcherServlet 'dispatcherServlet'
2025-10-21 10:51:03.936 [http-nio-8080-exec-1] INFO  c.liuxin.liutech.filter.JwtAuthenticationFilter - 处理请求: GET /
2025-10-21 10:51:03.936 [http-nio-8080-exec-1] INFO  c.liuxin.liutech.filter.JwtAuthenticationFilter - 跳过JWT验证的公开接口: GET /
2025-10-21 10:51:03.954 [http-nio-8080-exec-1] INFO  chat.liuxin.liutech.aspect.RequestTimingAspect - ========== 请求开始 ==========
2025-10-21 10:51:03.955 [http-nio-8080-exec-1] INFO  chat.liuxin.liutech.aspect.RequestTimingAspect - 请求URL: GET http://localhost:8080/
2025-10-21 10:51:03.955 [http-nio-8080-exec-1] INFO  chat.liuxin.liutech.aspect.RequestTimingAspect - 调用方法: HomeController.home
2025-10-21 10:51:03.955 [http-nio-8080-exec-1] INFO  chat.liuxin.liutech.aspect.RequestTimingAspect - 客户端IP: 0:0:0:0:0:0:0:1
2025-10-21 10:51:03.955 [http-nio-8080-exec-1] INFO  chat.liuxin.liutech.aspect.RequestTimingAspect - 开始时间: Tue Oct 21 10:51:03 CST 2025
2025-10-21 10:51:03.956 [http-nio-8080-exec-1] INFO  chat.liuxin.liutech.controller.web.HomeController - 访问首页
2025-10-21 10:51:03.956 [http-nio-8080-exec-1] INFO  chat.liuxin.liutech.aspect.RequestTimingAspect - ========== 请求结束 ==========
2025-10-21 10:51:03.957 [http-nio-8080-exec-1] INFO  chat.liuxin.liutech.aspect.RequestTimingAspect - 结束时间: Tue Oct 21 10:51:03 CST 2025
2025-10-21 10:51:03.957 [http-nio-8080-exec-1] INFO  chat.liuxin.liutech.aspect.RequestTimingAspect - 执行耗时: 2 ms
2025-10-21 10:51:03.957 [http-nio-8080-exec-1] INFO  chat.liuxin.liutech.aspect.RequestTimingAspect - 执行状态: 成功
2025-10-21 10:51:03.957 [http-nio-8080-exec-1] INFO  chat.liuxin.liutech.aspect.RequestTimingAspect - ================================
2025-10-21 10:51:04.040 [http-nio-8080-exec-5] INFO  c.liuxin.liutech.filter.JwtAuthenticationFilter - 处理请求: GET /@vite/client
2025-10-21 10:51:21.050 [http-nio-8080-exec-6] INFO  c.liuxin.liutech.filter.JwtAuthenticationFilter - 处理请求: GET /
2025-10-21 10:51:21.051 [http-nio-8080-exec-6] INFO  c.liuxin.liutech.filter.JwtAuthenticationFilter - 跳过JWT验证的公开接口: GET /
2025-10-21 10:51:21.052 [http-nio-8080-exec-6] INFO  chat.liuxin.liutech.aspect.RequestTimingAspect - ========== 请求开始 ==========
2025-10-21 10:51:21.052 [http-nio-8080-exec-6] INFO  chat.liuxin.liutech.aspect.RequestTimingAspect - 请求URL: GET http://localhost:8080/
2025-10-21 10:51:21.052 [http-nio-8080-exec-6] INFO  chat.liuxin.liutech.aspect.RequestTimingAspect - 调用方法: HomeController.home
2025-10-21 10:51:21.052 [http-nio-8080-exec-6] INFO  chat.liuxin.liutech.aspect.RequestTimingAspect - 客户端IP: 0:0:0:0:0:0:0:1
2025-10-21 10:51:21.052 [http-nio-8080-exec-6] INFO  chat.liuxin.liutech.aspect.RequestTimingAspect - 开始时间: Tue Oct 21 10:51:21 CST 2025
2025-10-21 10:51:21.053 [http-nio-8080-exec-6] INFO  chat.liuxin.liutech.controller.web.HomeController - 访问首页
2025-10-21 10:51:21.053 [http-nio-8080-exec-6] INFO  chat.liuxin.liutech.aspect.RequestTimingAspect - ========== 请求结束 ==========
2025-10-21 10:51:21.053 [http-nio-8080-exec-6] INFO  chat.liuxin.liutech.aspect.RequestTimingAspect - 结束时间: Tue Oct 21 10:51:21 CST 2025
2025-10-21 10:51:21.053 [http-nio-8080-exec-6] INFO  chat.liuxin.liutech.aspect.RequestTimingAspect - 执行耗时: 1 ms
2025-10-21 10:51:21.053 [http-nio-8080-exec-6] INFO  chat.liuxin.liutech.aspect.RequestTimingAspect - 执行状态: 成功
2025-10-21 10:51:21.053 [http-nio-8080-exec-6] INFO  chat.liuxin.liutech.aspect.RequestTimingAspect - ================================
2025-10-21 10:53:11.106 [main] INFO  chat.liuxin.liutech.LiuTechApplication - Starting LiuTechApplication using Java 21.0.5 with PID 2588 (F:\工程代码\Liutech\LiuTech\target\classes started by Administrator in F:\工程代码\Liutech\LiuTech)
2025-10-21 10:53:11.108 [main] INFO  chat.liuxin.liutech.LiuTechApplication - The following 1 profile is active: "dev"
2025-10-21 10:53:12.303 [main] INFO  o.s.d.r.config.RepositoryConfigurationDelegate - Multiple Spring Data modules found, entering strict repository configuration mode
2025-10-21 10:53:12.309 [main] INFO  o.s.d.r.config.RepositoryConfigurationDelegate - Bootstrapping Spring Data Redis repositories in DEFAULT mode.
2025-10-21 10:53:12.366 [main] INFO  o.s.d.r.config.RepositoryConfigurationDelegate - Finished Spring Data repository scanning in 23 ms. Found 0 Redis repository interfaces.
2025-10-21 10:53:13.380 [main] INFO  o.s.boot.web.embedded.tomcat.TomcatWebServer - Tomcat initialized with port 8080 (http)
2025-10-21 10:53:13.406 [main] INFO  org.apache.coyote.http11.Http11NioProtocol - Initializing ProtocolHandler ["http-nio-8080"]
2025-10-21 10:53:13.409 [main] INFO  org.apache.catalina.core.StandardService - Starting service [Tomcat]
2025-10-21 10:53:13.410 [main] INFO  org.apache.catalina.core.StandardEngine - Starting Servlet engine: [Apache Tomcat/10.1.46]
2025-10-21 10:53:13.474 [main] INFO  o.a.c.core.ContainerBase.[Tomcat].[localhost].[/] - Initializing Spring embedded WebApplicationContext
2025-10-21 10:53:13.475 [main] INFO  o.s.b.w.s.c.ServletWebServerApplicationContext - Root WebApplicationContext: initialization completed in 2329 ms
2025-10-21 10:53:14.131 [main] DEBUG c.b.m.e.spring.MybatisSqlSessionFactoryBean - Registered plugin: 'MybatisPlusInterceptor{interceptors=[PaginationInnerInterceptor(logger=org.apache.ibatis.logging.slf4j.Slf4jImpl@1e9d7366, overflow=false, maxLimit=500, dbType=MYSQL, dialect=null, optimizeJoin=true), com.baomidou.mybatisplus.extension.plugins.inner.OptimisticLockerInnerInterceptor@85cd413]}'
2025-10-21 10:53:14.411 [main] DEBUG c.b.m.e.spring.MybatisSqlSessionFactoryBean - Parsed mapper file: 'file [F:\工程代码\Liutech\LiuTech\target\classes\mapper\CategoriesMapper.xml]'
2025-10-21 10:53:14.451 [main] DEBUG c.b.m.e.spring.MybatisSqlSessionFactoryBean - Parsed mapper file: 'file [F:\工程代码\Liutech\LiuTech\target\classes\mapper\CommentsMapper.xml]'
2025-10-21 10:53:14.467 [main] DEBUG c.b.m.e.spring.MybatisSqlSessionFactoryBean - Parsed mapper file: 'file [F:\工程代码\Liutech\LiuTech\target\classes\mapper\PostAttachmentsMapper.xml]'
2025-10-21 10:53:14.484 [main] DEBUG c.b.m.e.spring.MybatisSqlSessionFactoryBean - Parsed mapper file: 'file [F:\工程代码\Liutech\LiuTech\target\classes\mapper\PostFavoritesMapper.xml]'
2025-10-21 10:53:14.500 [main] DEBUG c.b.m.e.spring.MybatisSqlSessionFactoryBean - Parsed mapper file: 'file [F:\工程代码\Liutech\LiuTech\target\classes\mapper\PostLikesMapper.xml]'
2025-10-21 10:53:14.532 [main] ERROR c.baomidou.mybatisplus.core.MybatisConfiguration - mapper[chat.liuxin.liutech.mapper.PostsMapper.selectLatestPostListResl] is ignored, because it exists, maybe from xml file
2025-10-21 10:53:14.552 [main] DEBUG c.b.m.e.spring.MybatisSqlSessionFactoryBean - Parsed mapper file: 'file [F:\工程代码\Liutech\LiuTech\target\classes\mapper\PostsMapper.xml]'
2025-10-21 10:53:14.558 [main] WARN  c.b.mybatisplus.core.injector.DefaultSqlInjector - class chat.liuxin.liutech.model.PostTags ,Not found @TableId annotation, Cannot use Mybatis-Plus 'xxById' Method.
2025-10-21 10:53:14.564 [main] DEBUG c.b.m.e.spring.MybatisSqlSessionFactoryBean - Parsed mapper file: 'file [F:\工程代码\Liutech\LiuTech\target\classes\mapper\PostTagsMapper.xml]'
2025-10-21 10:53:14.580 [main] DEBUG c.b.m.e.spring.MybatisSqlSessionFactoryBean - Parsed mapper file: 'file [F:\工程代码\Liutech\LiuTech\target\classes\mapper\ResourceDownloadsMapper.xml]'
2025-10-21 10:53:14.599 [main] DEBUG c.b.m.e.spring.MybatisSqlSessionFactoryBean - Parsed mapper file: 'file [F:\工程代码\Liutech\LiuTech\target\classes\mapper\TagsMapper.xml]'
2025-10-21 10:53:14.623 [main] DEBUG c.b.m.e.spring.MybatisSqlSessionFactoryBean - Parsed mapper file: 'file [F:\工程代码\Liutech\LiuTech\target\classes\mapper\UserMapper.xml]'
2025-10-21 10:53:16.344 [main] INFO  o.s.b.actuate.endpoint.web.EndpointLinksResolver - Exposing 1 endpoint beneath base path '/actuator'
2025-10-21 10:53:16.396 [main] WARN  o.s.b.a.s.s.UserDetailsServiceAutoConfiguration - 

Using generated security password: 34751114-8782-419e-9b25-3528f71d9540

This generated password is for development use only. Your security configuration must be updated before running your application in production.

2025-10-21 10:53:16.910 [main] INFO  c.b.m.e.spring.MybatisPlusApplicationContextAware - Register ApplicationContext instances org.springframework.boot.web.servlet.context.AnnotationConfigServletWebServerApplicationContext@6b739528
2025-10-21 10:53:17.630 [main] INFO  org.apache.coyote.http11.Http11NioProtocol - Starting ProtocolHandler ["http-nio-8080"]
2025-10-21 10:53:17.642 [main] INFO  o.s.boot.web.embedded.tomcat.TomcatWebServer - Tomcat started on port 8080 (http) with context path '/'
2025-10-21 10:53:17.653 [main] INFO  chat.liuxin.liutech.LiuTechApplication - Started LiuTechApplication in 7.097 seconds (process running for 7.535)
2025-10-21 10:53:20.036 [RMI TCP Connection(3)-127.0.0.1] INFO  o.a.c.core.ContainerBase.[Tomcat].[localhost].[/] - Initializing Spring DispatcherServlet 'dispatcherServlet'
2025-10-21 10:53:24.824 [http-nio-8080-exec-8] INFO  c.liuxin.liutech.filter.JwtAuthenticationFilter - 处理请求: GET /user/current
2025-10-21 10:53:24.823 [http-nio-8080-exec-7] INFO  c.liuxin.liutech.filter.JwtAuthenticationFilter - 处理请求: GET /categories
2025-10-21 10:53:24.824 [http-nio-8080-exec-5] INFO  c.liuxin.liutech.filter.JwtAuthenticationFilter - 处理请求: GET /tags/hot
2025-10-21 10:53:24.824 [http-nio-8080-exec-6] INFO  c.liuxin.liutech.filter.JwtAuthenticationFilter - 处理请求: GET /tags
2025-10-21 10:53:24.924 [http-nio-8080-exec-7] INFO  c.liuxin.liutech.filter.JwtAuthenticationFilter - JWT认证成功，用户: admin, 角色: [ROLE_USER, ROLE_ADMIN], 请求路径: /categories
2025-10-21 10:53:24.924 [http-nio-8080-exec-8] INFO  c.liuxin.liutech.filter.JwtAuthenticationFilter - JWT认证成功，用户: admin, 角色: [ROLE_USER, ROLE_ADMIN], 请求路径: /user/current
2025-10-21 10:53:24.924 [http-nio-8080-exec-5] INFO  c.liuxin.liutech.filter.JwtAuthenticationFilter - JWT认证成功，用户: admin, 角色: [ROLE_USER, ROLE_ADMIN], 请求路径: /tags/hot
2025-10-21 10:53:24.924 [http-nio-8080-exec-6] INFO  c.liuxin.liutech.filter.JwtAuthenticationFilter - JWT认证成功，用户: admin, 角色: [ROLE_USER, ROLE_ADMIN], 请求路径: /tags
2025-10-21 10:53:24.962 [http-nio-8080-exec-7] INFO  chat.liuxin.liutech.aspect.RequestTimingAspect - ========== 请求开始 ==========
2025-10-21 10:53:24.962 [http-nio-8080-exec-8] INFO  chat.liuxin.liutech.aspect.RequestTimingAspect - ========== 请求开始 ==========
2025-10-21 10:53:24.962 [http-nio-8080-exec-5] INFO  chat.liuxin.liutech.aspect.RequestTimingAspect - ========== 请求开始 ==========
2025-10-21 10:53:24.962 [http-nio-8080-exec-6] INFO  chat.liuxin.liutech.aspect.RequestTimingAspect - ========== 请求开始 ==========
2025-10-21 10:53:24.963 [http-nio-8080-exec-7] INFO  chat.liuxin.liutech.aspect.RequestTimingAspect - 请求URL: GET http://127.0.0.1:8080/categories
2025-10-21 10:53:24.963 [http-nio-8080-exec-8] INFO  chat.liuxin.liutech.aspect.RequestTimingAspect - 请求URL: GET http://127.0.0.1:8080/user/current
2025-10-21 10:53:24.963 [http-nio-8080-exec-5] INFO  chat.liuxin.liutech.aspect.RequestTimingAspect - 请求URL: GET http://127.0.0.1:8080/tags/hot
2025-10-21 10:53:24.963 [http-nio-8080-exec-6] INFO  chat.liuxin.liutech.aspect.RequestTimingAspect - 请求URL: GET http://127.0.0.1:8080/tags
2025-10-21 10:53:24.963 [http-nio-8080-exec-7] INFO  chat.liuxin.liutech.aspect.RequestTimingAspect - 调用方法: CategoriesController.getAllCategories
2025-10-21 10:53:24.963 [http-nio-8080-exec-8] INFO  chat.liuxin.liutech.aspect.RequestTimingAspect - 调用方法: UserController.getCurrentUser
2025-10-21 10:53:24.963 [http-nio-8080-exec-5] INFO  chat.liuxin.liutech.aspect.RequestTimingAspect - 调用方法: TagsController.getHotTags
2025-10-21 10:53:24.964 [http-nio-8080-exec-6] INFO  chat.liuxin.liutech.aspect.RequestTimingAspect - 调用方法: TagsController.getAllTags
2025-10-21 10:53:24.964 [http-nio-8080-exec-7] INFO  chat.liuxin.liutech.aspect.RequestTimingAspect - 客户端IP: 127.0.0.1
2025-10-21 10:53:24.964 [http-nio-8080-exec-8] INFO  chat.liuxin.liutech.aspect.RequestTimingAspect - 客户端IP: 127.0.0.1
2025-10-21 10:53:24.964 [http-nio-8080-exec-5] INFO  chat.liuxin.liutech.aspect.RequestTimingAspect - 客户端IP: 127.0.0.1
2025-10-21 10:53:24.964 [http-nio-8080-exec-6] INFO  chat.liuxin.liutech.aspect.RequestTimingAspect - 客户端IP: 127.0.0.1
2025-10-21 10:53:24.964 [http-nio-8080-exec-5] INFO  chat.liuxin.liutech.aspect.RequestTimingAspect - 请求参数: [10]
2025-10-21 10:53:24.964 [http-nio-8080-exec-7] INFO  chat.liuxin.liutech.aspect.RequestTimingAspect - 开始时间: Tue Oct 21 10:53:24 CST 2025
2025-10-21 10:53:24.964 [http-nio-8080-exec-6] INFO  chat.liuxin.liutech.aspect.RequestTimingAspect - 开始时间: Tue Oct 21 10:53:24 CST 2025
2025-10-21 10:53:24.964 [http-nio-8080-exec-8] INFO  chat.liuxin.liutech.aspect.RequestTimingAspect - 开始时间: Tue Oct 21 10:53:24 CST 2025
2025-10-21 10:53:24.965 [http-nio-8080-exec-5] INFO  chat.liuxin.liutech.aspect.RequestTimingAspect - 开始时间: Tue Oct 21 10:53:24 CST 2025
2025-10-21 10:53:24.965 [http-nio-8080-exec-6] INFO  chat.liuxin.liutech.controller.web.TagsController - 查询所有标签
2025-10-21 10:53:24.965 [http-nio-8080-exec-7] INFO  c.l.liutech.controller.web.CategoriesController - 查询所有分类
2025-10-21 10:53:24.966 [http-nio-8080-exec-8] INFO  chat.liuxin.liutech.controller.web.UserController - 收到获取当前用户信息请求
2025-10-21 10:53:24.966 [http-nio-8080-exec-5] INFO  chat.liuxin.liutech.controller.web.TagsController - 查询热门标签 - 限制数量: 10
2025-10-21 10:53:24.996 [http-nio-8080-exec-8] INFO  com.zaxxer.hikari.HikariDataSource - HikariCP-Blog - Starting...
2025-10-21 10:53:25.051 [http-nio-8080-exec-2] INFO  c.liuxin.liutech.filter.JwtAuthenticationFilter - 处理请求: GET /posts
2025-10-21 10:53:25.052 [http-nio-8080-exec-1] INFO  c.liuxin.liutech.filter.JwtAuthenticationFilter - 处理请求: GET /announcements/latest
2025-10-21 10:53:25.055 [http-nio-8080-exec-2] INFO  c.liuxin.liutech.filter.JwtAuthenticationFilter - JWT认证成功，用户: admin, 角色: [ROLE_USER, ROLE_ADMIN], 请求路径: /posts
2025-10-21 10:53:25.055 [http-nio-8080-exec-1] INFO  c.liuxin.liutech.filter.JwtAuthenticationFilter - JWT认证成功，用户: admin, 角色: [ROLE_USER, ROLE_ADMIN], 请求路径: /announcements/latest
2025-10-21 10:53:25.057 [http-nio-8080-exec-1] INFO  chat.liuxin.liutech.aspect.RequestTimingAspect - ========== 请求开始 ==========
2025-10-21 10:53:25.058 [http-nio-8080-exec-1] INFO  chat.liuxin.liutech.aspect.RequestTimingAspect - 请求URL: GET http://127.0.0.1:8080/announcements/latest
2025-10-21 10:53:25.058 [http-nio-8080-exec-1] INFO  chat.liuxin.liutech.aspect.RequestTimingAspect - 调用方法: AnnouncementsController.getLatestAnnouncements
2025-10-21 10:53:25.058 [http-nio-8080-exec-1] INFO  chat.liuxin.liutech.aspect.RequestTimingAspect - 客户端IP: 127.0.0.1
2025-10-21 10:53:25.059 [http-nio-8080-exec-1] INFO  chat.liuxin.liutech.aspect.RequestTimingAspect - 请求参数: [5]
2025-10-21 10:53:25.059 [http-nio-8080-exec-1] INFO  chat.liuxin.liutech.aspect.RequestTimingAspect - 开始时间: Tue Oct 21 10:53:25 CST 2025
2025-10-21 10:53:25.064 [http-nio-8080-exec-2] INFO  chat.liuxin.liutech.aspect.RequestTimingAspect - ========== 请求开始 ==========
2025-10-21 10:53:25.064 [http-nio-8080-exec-2] INFO  chat.liuxin.liutech.aspect.RequestTimingAspect - 请求URL: GET http://127.0.0.1:8080/posts
2025-10-21 10:53:25.065 [http-nio-8080-exec-2] INFO  chat.liuxin.liutech.aspect.RequestTimingAspect - 调用方法: PostsController.getPostList
2025-10-21 10:53:25.065 [http-nio-8080-exec-2] INFO  chat.liuxin.liutech.aspect.RequestTimingAspect - 客户端IP: 127.0.0.1
2025-10-21 10:53:25.065 [http-nio-8080-exec-2] INFO  chat.liuxin.liutech.aspect.RequestTimingAspect - 请求参数: [1, 10, null, null, null, latest, SecurityContextHolderAwareRequestWrapper[ org.springframework.security.web.header.HeaderWriterFilter$HeaderWriterRequest@11c1d44]]
2025-10-21 10:53:25.066 [http-nio-8080-exec-2] INFO  chat.liuxin.liutech.aspect.RequestTimingAspect - 开始时间: Tue Oct 21 10:53:25 CST 2025
2025-10-21 10:53:25.066 [http-nio-8080-exec-2] INFO  c.liuxin.liutech.controller.web.PostsController - 查询文章列表 - 页码: 1, 大小: 10, 分类: null, 标签: null, 关键词: null, 排序: latest
2025-10-21 10:53:39.279 [http-nio-8080-exec-8] INFO  com.zaxxer.hikari.pool.HikariPool - HikariCP-Blog - Added connection com.mysql.cj.jdbc.ConnectionImpl@5f949089
2025-10-21 10:53:39.281 [http-nio-8080-exec-8] INFO  com.zaxxer.hikari.HikariDataSource - HikariCP-Blog - Start completed.
2025-10-21 10:53:39.337 [http-nio-8080-exec-8] INFO  chat.liuxin.liutech.controller.web.UserController - 获取当前用户信息成功
2025-10-21 10:53:39.339 [http-nio-8080-exec-8] INFO  chat.liuxin.liutech.aspect.RequestTimingAspect - ========== 请求结束 ==========
2025-10-21 10:53:39.339 [http-nio-8080-exec-8] INFO  chat.liuxin.liutech.aspect.RequestTimingAspect - 结束时间: Tue Oct 21 10:53:39 CST 2025
2025-10-21 10:53:39.339 [http-nio-8080-exec-8] INFO  chat.liuxin.liutech.aspect.RequestTimingAspect - 执行耗时: 14377 ms
2025-10-21 10:53:39.341 [http-nio-8080-exec-8] INFO  chat.liuxin.liutech.aspect.RequestTimingAspect - 执行状态: 成功
2025-10-21 10:53:39.341 [http-nio-8080-exec-8] WARN  chat.liuxin.liutech.aspect.RequestTimingAspect - ⚠️ 请求执行时间过长: 14377 ms，建议优化性能
2025-10-21 10:53:39.342 [http-nio-8080-exec-8] INFO  chat.liuxin.liutech.aspect.RequestTimingAspect - ================================
2025-10-21 10:53:39.343 [http-nio-8080-exec-1] INFO  chat.liuxin.liutech.aspect.RequestTimingAspect - ========== 请求结束 ==========
2025-10-21 10:53:39.344 [http-nio-8080-exec-1] INFO  chat.liuxin.liutech.aspect.RequestTimingAspect - 结束时间: Tue Oct 21 10:53:39 CST 2025
2025-10-21 10:53:39.344 [http-nio-8080-exec-1] INFO  chat.liuxin.liutech.aspect.RequestTimingAspect - 执行耗时: 14286 ms
2025-10-21 10:53:39.344 [http-nio-8080-exec-1] INFO  chat.liuxin.liutech.aspect.RequestTimingAspect - 执行状态: 成功
2025-10-21 10:53:39.345 [http-nio-8080-exec-1] WARN  chat.liuxin.liutech.aspect.RequestTimingAspect - ⚠️ 请求执行时间过长: 14286 ms，建议优化性能
2025-10-21 10:53:39.346 [http-nio-8080-exec-1] INFO  chat.liuxin.liutech.aspect.RequestTimingAspect - ================================
2025-10-21 10:53:39.347 [http-nio-8080-exec-7] INFO  c.l.liutech.controller.web.CategoriesController - 查询分类成功 - 数量: 12
2025-10-21 10:53:39.348 [http-nio-8080-exec-5] INFO  chat.liuxin.liutech.controller.web.TagsController - 查询热门标签成功 - 数量: 10
2025-10-21 10:53:39.348 [http-nio-8080-exec-7] INFO  chat.liuxin.liutech.aspect.RequestTimingAspect - ========== 请求结束 ==========
2025-10-21 10:53:39.348 [http-nio-8080-exec-5] INFO  chat.liuxin.liutech.aspect.RequestTimingAspect - ========== 请求结束 ==========
2025-10-21 10:53:39.348 [http-nio-8080-exec-7] INFO  chat.liuxin.liutech.aspect.RequestTimingAspect - 结束时间: Tue Oct 21 10:53:39 CST 2025
2025-10-21 10:53:39.349 [http-nio-8080-exec-5] INFO  chat.liuxin.liutech.aspect.RequestTimingAspect - 结束时间: Tue Oct 21 10:53:39 CST 2025
2025-10-21 10:53:39.350 [http-nio-8080-exec-7] INFO  chat.liuxin.liutech.aspect.RequestTimingAspect - 执行耗时: 14386 ms
2025-10-21 10:53:39.350 [http-nio-8080-exec-5] INFO  chat.liuxin.liutech.aspect.RequestTimingAspect - 执行耗时: 14386 ms
2025-10-21 10:53:39.350 [http-nio-8080-exec-7] INFO  chat.liuxin.liutech.aspect.RequestTimingAspect - 执行状态: 成功
2025-10-21 10:53:39.350 [http-nio-8080-exec-5] INFO  chat.liuxin.liutech.aspect.RequestTimingAspect - 执行状态: 成功
2025-10-21 10:53:39.351 [http-nio-8080-exec-7] WARN  chat.liuxin.liutech.aspect.RequestTimingAspect - ⚠️ 请求执行时间过长: 14386 ms，建议优化性能
2025-10-21 10:53:39.351 [http-nio-8080-exec-5] WARN  chat.liuxin.liutech.aspect.RequestTimingAspect - ⚠️ 请求执行时间过长: 14386 ms，建议优化性能
2025-10-21 10:53:39.351 [http-nio-8080-exec-7] INFO  chat.liuxin.liutech.aspect.RequestTimingAspect - ================================
2025-10-21 10:53:39.352 [http-nio-8080-exec-5] INFO  chat.liuxin.liutech.aspect.RequestTimingAspect - ================================
2025-10-21 10:53:39.366 [http-nio-8080-exec-6] INFO  chat.liuxin.liutech.controller.web.TagsController - 查询标签成功 - 数量: 45
2025-10-21 10:53:39.367 [http-nio-8080-exec-6] INFO  chat.liuxin.liutech.aspect.RequestTimingAspect - ========== 请求结束 ==========
2025-10-21 10:53:39.367 [http-nio-8080-exec-6] INFO  chat.liuxin.liutech.aspect.RequestTimingAspect - 结束时间: Tue Oct 21 10:53:39 CST 2025
2025-10-21 10:53:39.367 [http-nio-8080-exec-6] INFO  chat.liuxin.liutech.aspect.RequestTimingAspect - 执行耗时: 14405 ms
2025-10-21 10:53:39.367 [http-nio-8080-exec-6] INFO  chat.liuxin.liutech.aspect.RequestTimingAspect - 执行状态: 成功
2025-10-21 10:53:39.368 [http-nio-8080-exec-6] WARN  chat.liuxin.liutech.aspect.RequestTimingAspect - ⚠️ 请求执行时间过长: 14405 ms，建议优化性能
2025-10-21 10:53:39.368 [http-nio-8080-exec-6] INFO  chat.liuxin.liutech.aspect.RequestTimingAspect - ================================
2025-10-21 10:53:39.379 [http-nio-8080-exec-9] INFO  c.liuxin.liutech.filter.JwtAuthenticationFilter - 处理请求: GET /tags/hot
2025-10-21 10:53:39.380 [http-nio-8080-exec-10] INFO  c.liuxin.liutech.filter.JwtAuthenticationFilter - 处理请求: GET /categories
2025-10-21 10:53:39.380 [http-nio-8080-exec-3] INFO  c.liuxin.liutech.filter.JwtAuthenticationFilter - 处理请求: GET /posts/latest
2025-10-21 10:53:39.387 [http-nio-8080-exec-3] INFO  c.liuxin.liutech.filter.JwtAuthenticationFilter - JWT认证成功，用户: admin, 角色: [ROLE_USER, ROLE_ADMIN], 请求路径: /posts/latest
2025-10-21 10:53:39.388 [http-nio-8080-exec-9] INFO  c.liuxin.liutech.filter.JwtAuthenticationFilter - JWT认证成功，用户: admin, 角色: [ROLE_USER, ROLE_ADMIN], 请求路径: /tags/hot
2025-10-21 10:53:39.388 [http-nio-8080-exec-10] INFO  c.liuxin.liutech.filter.JwtAuthenticationFilter - JWT认证成功，用户: admin, 角色: [ROLE_USER, ROLE_ADMIN], 请求路径: /categories
2025-10-21 10:53:39.390 [http-nio-8080-exec-9] INFO  chat.liuxin.liutech.aspect.RequestTimingAspect - ========== 请求开始 ==========
2025-10-21 10:53:39.390 [http-nio-8080-exec-10] INFO  chat.liuxin.liutech.aspect.RequestTimingAspect - ========== 请求开始 ==========
2025-10-21 10:53:39.390 [http-nio-8080-exec-9] INFO  chat.liuxin.liutech.aspect.RequestTimingAspect - 请求URL: GET http://127.0.0.1:8080/tags/hot
2025-10-21 10:53:39.390 [http-nio-8080-exec-3] INFO  chat.liuxin.liutech.aspect.RequestTimingAspect - ========== 请求开始 ==========
2025-10-21 10:53:39.391 [http-nio-8080-exec-10] INFO  chat.liuxin.liutech.aspect.RequestTimingAspect - 请求URL: GET http://127.0.0.1:8080/categories
2025-10-21 10:53:39.392 [http-nio-8080-exec-9] INFO  chat.liuxin.liutech.aspect.RequestTimingAspect - 调用方法: TagsController.getHotTags
2025-10-21 10:53:39.392 [http-nio-8080-exec-3] INFO  chat.liuxin.liutech.aspect.RequestTimingAspect - 请求URL: GET http://127.0.0.1:8080/posts/latest
2025-10-21 10:53:39.392 [http-nio-8080-exec-10] INFO  chat.liuxin.liutech.aspect.RequestTimingAspect - 调用方法: CategoriesController.getAllCategories
2025-10-21 10:53:39.392 [http-nio-8080-exec-9] INFO  chat.liuxin.liutech.aspect.RequestTimingAspect - 客户端IP: 127.0.0.1
2025-10-21 10:53:39.392 [http-nio-8080-exec-3] INFO  chat.liuxin.liutech.aspect.RequestTimingAspect - 调用方法: PostsController.getLatestPosts
2025-10-21 10:53:39.392 [http-nio-8080-exec-10] INFO  chat.liuxin.liutech.aspect.RequestTimingAspect - 客户端IP: 127.0.0.1
2025-10-21 10:53:39.393 [http-nio-8080-exec-9] INFO  chat.liuxin.liutech.aspect.RequestTimingAspect - 请求参数: [10]
2025-10-21 10:53:39.393 [http-nio-8080-exec-3] INFO  chat.liuxin.liutech.aspect.RequestTimingAspect - 客户端IP: 127.0.0.1
2025-10-21 10:53:39.393 [http-nio-8080-exec-10] INFO  chat.liuxin.liutech.aspect.RequestTimingAspect - 开始时间: Tue Oct 21 10:53:39 CST 2025
2025-10-21 10:53:39.393 [http-nio-8080-exec-9] INFO  chat.liuxin.liutech.aspect.RequestTimingAspect - 开始时间: Tue Oct 21 10:53:39 CST 2025
2025-10-21 10:53:39.393 [http-nio-8080-exec-3] INFO  chat.liuxin.liutech.aspect.RequestTimingAspect - 请求参数: [5]
2025-10-21 10:53:39.394 [http-nio-8080-exec-10] INFO  c.l.liutech.controller.web.CategoriesController - 查询所有分类
2025-10-21 10:53:39.394 [http-nio-8080-exec-9] INFO  chat.liuxin.liutech.controller.web.TagsController - 查询热门标签 - 限制数量: 10
2025-10-21 10:53:39.394 [http-nio-8080-exec-3] INFO  chat.liuxin.liutech.aspect.RequestTimingAspect - 开始时间: Tue Oct 21 10:53:39 CST 2025
2025-10-21 10:53:39.394 [http-nio-8080-exec-3] INFO  c.liuxin.liutech.controller.web.PostsController - 查询最新文章 - 限制数量: 5
2025-10-21 10:53:39.396 [http-nio-8080-exec-10] INFO  c.l.liutech.controller.web.CategoriesController - 查询分类成功 - 数量: 12
2025-10-21 10:53:39.396 [http-nio-8080-exec-9] INFO  chat.liuxin.liutech.controller.web.TagsController - 查询热门标签成功 - 数量: 10
2025-10-21 10:53:39.396 [http-nio-8080-exec-10] INFO  chat.liuxin.liutech.aspect.RequestTimingAspect - ========== 请求结束 ==========
2025-10-21 10:53:39.396 [http-nio-8080-exec-9] INFO  chat.liuxin.liutech.aspect.RequestTimingAspect - ========== 请求结束 ==========
2025-10-21 10:53:39.396 [http-nio-8080-exec-10] INFO  chat.liuxin.liutech.aspect.RequestTimingAspect - 结束时间: Tue Oct 21 10:53:39 CST 2025
2025-10-21 10:53:39.396 [http-nio-8080-exec-9] INFO  chat.liuxin.liutech.aspect.RequestTimingAspect - 结束时间: Tue Oct 21 10:53:39 CST 2025
2025-10-21 10:53:39.398 [http-nio-8080-exec-10] INFO  chat.liuxin.liutech.aspect.RequestTimingAspect - 执行耗时: 6 ms
2025-10-21 10:53:39.398 [http-nio-8080-exec-9] INFO  chat.liuxin.liutech.aspect.RequestTimingAspect - 执行耗时: 6 ms
2025-10-21 10:53:39.398 [http-nio-8080-exec-9] INFO  chat.liuxin.liutech.aspect.RequestTimingAspect - 执行状态: 成功
2025-10-21 10:53:39.398 [http-nio-8080-exec-10] INFO  chat.liuxin.liutech.aspect.RequestTimingAspect - 执行状态: 成功
2025-10-21 10:53:39.399 [http-nio-8080-exec-9] INFO  chat.liuxin.liutech.aspect.RequestTimingAspect - ================================
2025-10-21 10:53:39.399 [http-nio-8080-exec-10] INFO  chat.liuxin.liutech.aspect.RequestTimingAspect - ================================
2025-10-21 10:53:39.408 [http-nio-8080-exec-2] INFO  c.liuxin.liutech.controller.web.PostsController - 查询文章列表成功 - 总数: 7, 当前页: 1
2025-10-21 10:53:39.408 [http-nio-8080-exec-2] INFO  chat.liuxin.liutech.aspect.RequestTimingAspect - ========== 请求结束 ==========
2025-10-21 10:53:39.408 [http-nio-8080-exec-2] INFO  chat.liuxin.liutech.aspect.RequestTimingAspect - 结束时间: Tue Oct 21 10:53:39 CST 2025
2025-10-21 10:53:39.409 [http-nio-8080-exec-2] INFO  chat.liuxin.liutech.aspect.RequestTimingAspect - 执行耗时: 14344 ms
2025-10-21 10:53:39.409 [http-nio-8080-exec-2] INFO  chat.liuxin.liutech.aspect.RequestTimingAspect - 执行状态: 成功
2025-10-21 10:53:39.410 [http-nio-8080-exec-2] WARN  chat.liuxin.liutech.aspect.RequestTimingAspect - ⚠️ 请求执行时间过长: 14344 ms，建议优化性能
2025-10-21 10:53:39.410 [http-nio-8080-exec-2] INFO  chat.liuxin.liutech.aspect.RequestTimingAspect - ================================
2025-10-21 10:53:39.421 [http-nio-8080-exec-3] INFO  c.liuxin.liutech.controller.web.PostsController - 查询最新文章成功 - 数量: 5
2025-10-21 10:53:39.421 [http-nio-8080-exec-3] INFO  chat.liuxin.liutech.aspect.RequestTimingAspect - ========== 请求结束 ==========
2025-10-21 10:53:39.421 [http-nio-8080-exec-3] INFO  chat.liuxin.liutech.aspect.RequestTimingAspect - 结束时间: Tue Oct 21 10:53:39 CST 2025
2025-10-21 10:53:39.422 [http-nio-8080-exec-3] INFO  chat.liuxin.liutech.aspect.RequestTimingAspect - 执行耗时: 31 ms
2025-10-21 10:53:39.422 [http-nio-8080-exec-3] INFO  chat.liuxin.liutech.aspect.RequestTimingAspect - 执行状态: 成功
2025-10-21 10:53:39.422 [http-nio-8080-exec-3] INFO  chat.liuxin.liutech.aspect.RequestTimingAspect - ================================
2025-10-21 10:53:39.431 [http-nio-8080-exec-4] INFO  c.liuxin.liutech.filter.JwtAuthenticationFilter - 处理请求: GET /uploads/images/2025/10/14/20251014170639_dc429483169e49a7a2ebd5528c45fc40.jpg
2025-10-21 10:53:39.431 [http-nio-8080-exec-4] INFO  c.liuxin.liutech.filter.JwtAuthenticationFilter - 跳过JWT验证的公开接口: GET /uploads/images/2025/10/14/20251014170639_dc429483169e49a7a2ebd5528c45fc40.jpg
2025-10-21 10:53:39.435 [http-nio-8080-exec-4] ERROR chat.liuxin.liutech.common.GlobalExceptionHandler - 系统未知异常
org.springframework.web.servlet.resource.NoResourceFoundException: No static resource 2025/10/14/20251014170639_dc429483169e49a7a2ebd5528c45fc40.jpg.
	at org.springframework.web.servlet.resource.ResourceHttpRequestHandler.handleRequest(ResourceHttpRequestHandler.java:585)
	at org.springframework.web.servlet.mvc.HttpRequestHandlerAdapter.handle(HttpRequestHandlerAdapter.java:52)
	at org.springframework.web.servlet.DispatcherServlet.doDispatch(DispatcherServlet.java:1089)
	at org.springframework.web.servlet.DispatcherServlet.doService(DispatcherServlet.java:979)
	at org.springframework.web.servlet.FrameworkServlet.processRequest(FrameworkServlet.java:1014)
	at org.springframework.web.servlet.FrameworkServlet.doGet(FrameworkServlet.java:903)
	at jakarta.servlet.http.HttpServlet.service(HttpServlet.java:564)
	at org.springframework.web.servlet.FrameworkServlet.service(FrameworkServlet.java:885)
	at jakarta.servlet.http.HttpServlet.service(HttpServlet.java:658)
	at org.apache.catalina.core.ApplicationFilterChain.internalDoFilter(ApplicationFilterChain.java:195)
	at org.apache.catalina.core.ApplicationFilterChain.doFilter(ApplicationFilterChain.java:140)
	at org.apache.tomcat.websocket.server.WsFilter.doFilter(WsFilter.java:51)
	at org.apache.catalina.core.ApplicationFilterChain.internalDoFilter(ApplicationFilterChain.java:164)
	at org.apache.catalina.core.ApplicationFilterChain.doFilter(ApplicationFilterChain.java:140)
	at org.springframework.web.filter.OncePerRequestFilter.doFilter(OncePerRequestFilter.java:110)
	at org.apache.catalina.core.ApplicationFilterChain.internalDoFilter(ApplicationFilterChain.java:164)
	at org.apache.catalina.core.ApplicationFilterChain.doFilter(ApplicationFilterChain.java:140)
	at org.springframework.web.filter.CompositeFilter$VirtualFilterChain.doFilter(CompositeFilter.java:108)
	at org.springframework.web.filter.CompositeFilter$VirtualFilterChain.doFilter(CompositeFilter.java:108)
	at org.springframework.security.web.FilterChainProxy.lambda$doFilterInternal$3(FilterChainProxy.java:231)
	at org.springframework.security.web.ObservationFilterChainDecorator$FilterObservation$SimpleFilterObservation.lambda$wrap$1(ObservationFilterChainDecorator.java:479)
	at org.springframework.security.web.ObservationFilterChainDecorator$AroundFilterObservation$SimpleAroundFilterObservation.lambda$wrap$1(ObservationFilterChainDecorator.java:340)
	at org.springframework.security.web.ObservationFilterChainDecorator.lambda$wrapSecured$0(ObservationFilterChainDecorator.java:82)
	at org.springframework.security.web.ObservationFilterChainDecorator$VirtualFilterChain.doFilter(ObservationFilterChainDecorator.java:128)
	at org.springframework.security.web.access.intercept.AuthorizationFilter.doFilter(AuthorizationFilter.java:101)
	at org.springframework.security.web.ObservationFilterChainDecorator$ObservationFilter.wrapFilter(ObservationFilterChainDecorator.java:240)
	at org.springframework.security.web.ObservationFilterChainDecorator$ObservationFilter.doFilter(ObservationFilterChainDecorator.java:227)
	at org.springframework.security.web.ObservationFilterChainDecorator$VirtualFilterChain.doFilter(ObservationFilterChainDecorator.java:137)
	at org.springframework.security.web.access.ExceptionTranslationFilter.doFilter(ExceptionTranslationFilter.java:125)
	at org.springframework.security.web.access.ExceptionTranslationFilter.doFilter(ExceptionTranslationFilter.java:119)
	at org.springframework.security.web.ObservationFilterChainDecorator$ObservationFilter.wrapFilter(ObservationFilterChainDecorator.java:240)
	at org.springframework.security.web.ObservationFilterChainDecorator$ObservationFilter.doFilter(ObservationFilterChainDecorator.java:227)
	at org.springframework.security.web.ObservationFilterChainDecorator$VirtualFilterChain.doFilter(ObservationFilterChainDecorator.java:137)
	at org.springframework.security.web.session.SessionManagementFilter.doFilter(SessionManagementFilter.java:131)
	at org.springframework.security.web.session.SessionManagementFilter.doFilter(SessionManagementFilter.java:85)
	at org.springframework.security.web.ObservationFilterChainDecorator$ObservationFilter.wrapFilter(ObservationFilterChainDecorator.java:240)
	at org.springframework.security.web.ObservationFilterChainDecorator$ObservationFilter.doFilter(ObservationFilterChainDecorator.java:227)
	at org.springframework.security.web.ObservationFilterChainDecorator$VirtualFilterChain.doFilter(ObservationFilterChainDecorator.java:137)
	at org.springframework.security.web.authentication.AnonymousAuthenticationFilter.doFilter(AnonymousAuthenticationFilter.java:100)
	at org.springframework.security.web.ObservationFilterChainDecorator$ObservationFilter.wrapFilter(ObservationFilterChainDecorator.java:240)
	at org.springframework.security.web.ObservationFilterChainDecorator$ObservationFilter.doFilter(ObservationFilterChainDecorator.java:227)
	at org.springframework.security.web.ObservationFilterChainDecorator$VirtualFilterChain.doFilter(ObservationFilterChainDecorator.java:137)
	at org.springframework.security.web.servletapi.SecurityContextHolderAwareRequestFilter.doFilter(SecurityContextHolderAwareRequestFilter.java:179)
	at org.springframework.security.web.ObservationFilterChainDecorator$ObservationFilter.wrapFilter(ObservationFilterChainDecorator.java:240)
	at org.springframework.security.web.ObservationFilterChainDecorator$ObservationFilter.doFilter(ObservationFilterChainDecorator.java:227)
	at org.springframework.security.web.ObservationFilterChainDecorator$VirtualFilterChain.doFilter(ObservationFilterChainDecorator.java:137)
	at org.springframework.security.web.savedrequest.RequestCacheAwareFilter.doFilter(RequestCacheAwareFilter.java:63)
	at org.springframework.security.web.ObservationFilterChainDecorator$ObservationFilter.wrapFilter(ObservationFilterChainDecorator.java:240)
	at org.springframework.security.web.ObservationFilterChainDecorator$ObservationFilter.doFilter(ObservationFilterChainDecorator.java:227)
	at org.springframework.security.web.ObservationFilterChainDecorator$VirtualFilterChain.doFilter(ObservationFilterChainDecorator.java:137)
	at chat.liuxin.liutech.filter.JwtAuthenticationFilter.doFilterInternal(JwtAuthenticationFilter.java:54)
	at org.springframework.web.filter.OncePerRequestFilter.doFilter(OncePerRequestFilter.java:116)
	at org.springframework.security.web.ObservationFilterChainDecorator$ObservationFilter.wrapFilter(ObservationFilterChainDecorator.java:240)
	at org.springframework.security.web.ObservationFilterChainDecorator$ObservationFilter.doFilter(ObservationFilterChainDecorator.java:227)
	at org.springframework.security.web.ObservationFilterChainDecorator$VirtualFilterChain.doFilter(ObservationFilterChainDecorator.java:137)
	at org.springframework.security.web.authentication.logout.LogoutFilter.doFilter(LogoutFilter.java:107)
	at org.springframework.security.web.authentication.logout.LogoutFilter.doFilter(LogoutFilter.java:93)
	at org.springframework.security.web.ObservationFilterChainDecorator$ObservationFilter.wrapFilter(ObservationFilterChainDecorator.java:240)
	at org.springframework.security.web.ObservationFilterChainDecorator$ObservationFilter.doFilter(ObservationFilterChainDecorator.java:227)
	at org.springframework.security.web.ObservationFilterChainDecorator$VirtualFilterChain.doFilter(ObservationFilterChainDecorator.java:137)
	at org.springframework.web.filter.CorsFilter.doFilterInternal(CorsFilter.java:91)
	at org.springframework.web.filter.OncePerRequestFilter.doFilter(OncePerRequestFilter.java:116)
	at org.springframework.security.web.ObservationFilterChainDecorator$ObservationFilter.wrapFilter(ObservationFilterChainDecorator.java:240)
	at org.springframework.security.web.ObservationFilterChainDecorator$ObservationFilter.doFilter(ObservationFilterChainDecorator.java:227)
	at org.springframework.security.web.ObservationFilterChainDecorator$VirtualFilterChain.doFilter(ObservationFilterChainDecorator.java:137)
	at org.springframework.security.web.header.HeaderWriterFilter.doHeadersAfter(HeaderWriterFilter.java:90)
	at org.springframework.security.web.header.HeaderWriterFilter.doFilterInternal(HeaderWriterFilter.java:75)
	at org.springframework.web.filter.OncePerRequestFilter.doFilter(OncePerRequestFilter.java:116)
	at org.springframework.security.web.ObservationFilterChainDecorator$ObservationFilter.wrapFilter(ObservationFilterChainDecorator.java:240)
	at org.springframework.security.web.ObservationFilterChainDecorator$ObservationFilter.doFilter(ObservationFilterChainDecorator.java:227)
	at org.springframework.security.web.ObservationFilterChainDecorator$VirtualFilterChain.doFilter(ObservationFilterChainDecorator.java:137)
	at org.springframework.security.web.context.SecurityContextHolderFilter.doFilter(SecurityContextHolderFilter.java:82)
	at org.springframework.security.web.context.SecurityContextHolderFilter.doFilter(SecurityContextHolderFilter.java:69)
	at org.springframework.security.web.ObservationFilterChainDecorator$ObservationFilter.wrapFilter(ObservationFilterChainDecorator.java:240)
	at org.springframework.security.web.ObservationFilterChainDecorator$ObservationFilter.doFilter(ObservationFilterChainDecorator.java:227)
	at org.springframework.security.web.ObservationFilterChainDecorator$VirtualFilterChain.doFilter(ObservationFilterChainDecorator.java:137)
	at org.springframework.security.web.context.request.async.WebAsyncManagerIntegrationFilter.doFilterInternal(WebAsyncManagerIntegrationFilter.java:62)
	at org.springframework.web.filter.OncePerRequestFilter.doFilter(OncePerRequestFilter.java:116)
	at org.springframework.security.web.ObservationFilterChainDecorator$ObservationFilter.wrapFilter(ObservationFilterChainDecorator.java:240)
	at org.springframework.security.web.ObservationFilterChainDecorator$ObservationFilter.doFilter(ObservationFilterChainDecorator.java:227)
	at org.springframework.security.web.ObservationFilterChainDecorator$VirtualFilterChain.doFilter(ObservationFilterChainDecorator.java:137)
	at org.springframework.security.web.session.DisableEncodeUrlFilter.doFilterInternal(DisableEncodeUrlFilter.java:42)
	at org.springframework.web.filter.OncePerRequestFilter.doFilter(OncePerRequestFilter.java:116)
	at org.springframework.security.web.ObservationFilterChainDecorator$ObservationFilter.wrapFilter(ObservationFilterChainDecorator.java:240)
	at org.springframework.security.web.ObservationFilterChainDecorator$AroundFilterObservation$SimpleAroundFilterObservation.lambda$wrap$0(ObservationFilterChainDecorator.java:323)
	at org.springframework.security.web.ObservationFilterChainDecorator$ObservationFilter.doFilter(ObservationFilterChainDecorator.java:224)
	at org.springframework.security.web.ObservationFilterChainDecorator$VirtualFilterChain.doFilter(ObservationFilterChainDecorator.java:137)
	at org.springframework.security.web.FilterChainProxy.doFilterInternal(FilterChainProxy.java:233)
	at org.springframework.security.web.FilterChainProxy.doFilter(FilterChainProxy.java:191)
	at org.springframework.web.filter.CompositeFilter$VirtualFilterChain.doFilter(CompositeFilter.java:113)
	at org.springframework.web.filter.ServletRequestPathFilter.doFilter(ServletRequestPathFilter.java:52)
	at org.springframework.web.filter.CompositeFilter$VirtualFilterChain.doFilter(CompositeFilter.java:113)
	at org.springframework.web.filter.CompositeFilter.doFilter(CompositeFilter.java:74)
	at org.springframework.security.config.annotation.web.configuration.WebSecurityConfiguration$CompositeFilterChainProxy.doFilter(WebSecurityConfiguration.java:319)
	at org.springframework.web.filter.CompositeFilter$VirtualFilterChain.doFilter(CompositeFilter.java:113)
	at org.springframework.web.servlet.handler.HandlerMappingIntrospector.lambda$createCacheFilter$4(HandlerMappingIntrospector.java:267)
	at org.springframework.web.filter.CompositeFilter$VirtualFilterChain.doFilter(CompositeFilter.java:113)
	at org.springframework.web.filter.CompositeFilter.doFilter(CompositeFilter.java:74)
	at org.springframework.security.config.annotation.web.configuration.WebMvcSecurityConfiguration$CompositeFilterChainProxy.doFilter(WebMvcSecurityConfiguration.java:240)
	at org.springframework.web.filter.DelegatingFilterProxy.invokeDelegate(DelegatingFilterProxy.java:362)
	at org.springframework.web.filter.DelegatingFilterProxy.doFilter(DelegatingFilterProxy.java:278)
	at org.apache.catalina.core.ApplicationFilterChain.internalDoFilter(ApplicationFilterChain.java:164)
	at org.apache.catalina.core.ApplicationFilterChain.doFilter(ApplicationFilterChain.java:140)
	at org.springframework.web.filter.RequestContextFilter.doFilterInternal(RequestContextFilter.java:100)
	at org.springframework.web.filter.OncePerRequestFilter.doFilter(OncePerRequestFilter.java:116)
	at org.apache.catalina.core.ApplicationFilterChain.internalDoFilter(ApplicationFilterChain.java:164)
	at org.apache.catalina.core.ApplicationFilterChain.doFilter(ApplicationFilterChain.java:140)
	at org.springframework.web.filter.FormContentFilter.doFilterInternal(FormContentFilter.java:93)
	at org.springframework.web.filter.OncePerRequestFilter.doFilter(OncePerRequestFilter.java:116)
	at org.apache.catalina.core.ApplicationFilterChain.internalDoFilter(ApplicationFilterChain.java:164)
	at org.apache.catalina.core.ApplicationFilterChain.doFilter(ApplicationFilterChain.java:140)
	at org.springframework.web.filter.ServerHttpObservationFilter.doFilterInternal(ServerHttpObservationFilter.java:110)
	at org.springframework.web.filter.OncePerRequestFilter.doFilter(OncePerRequestFilter.java:116)
	at org.apache.catalina.core.ApplicationFilterChain.internalDoFilter(ApplicationFilterChain.java:164)
	at org.apache.catalina.core.ApplicationFilterChain.doFilter(ApplicationFilterChain.java:140)
	at org.springframework.web.filter.CharacterEncodingFilter.doFilterInternal(CharacterEncodingFilter.java:201)
	at org.springframework.web.filter.OncePerRequestFilter.doFilter(OncePerRequestFilter.java:116)
	at org.apache.catalina.core.ApplicationFilterChain.internalDoFilter(ApplicationFilterChain.java:164)
	at org.apache.catalina.core.ApplicationFilterChain.doFilter(ApplicationFilterChain.java:140)
	at org.apache.catalina.core.StandardWrapperValve.invoke(StandardWrapperValve.java:167)
	at org.apache.catalina.core.StandardContextValve.invoke(StandardContextValve.java:90)
	at org.apache.catalina.authenticator.AuthenticatorBase.invoke(AuthenticatorBase.java:483)
	at org.apache.catalina.core.StandardHostValve.invoke(StandardHostValve.java:116)
	at org.apache.catalina.valves.ErrorReportValve.invoke(ErrorReportValve.java:93)
	at org.apache.catalina.core.StandardEngineValve.invoke(StandardEngineValve.java:74)
	at org.apache.catalina.connector.CoyoteAdapter.service(CoyoteAdapter.java:344)
	at org.apache.coyote.http11.Http11Processor.service(Http11Processor.java:398)
	at org.apache.coyote.AbstractProcessorLight.process(AbstractProcessorLight.java:63)
	at org.apache.coyote.AbstractProtocol$ConnectionHandler.process(AbstractProtocol.java:903)
	at org.apache.tomcat.util.net.NioEndpoint$SocketProcessor.doRun(NioEndpoint.java:1776)
	at org.apache.tomcat.util.net.SocketProcessorBase.run(SocketProcessorBase.java:52)
	at org.apache.tomcat.util.threads.ThreadPoolExecutor.runWorker(ThreadPoolExecutor.java:975)
	at org.apache.tomcat.util.threads.ThreadPoolExecutor$Worker.run(ThreadPoolExecutor.java:493)
	at org.apache.tomcat.util.threads.TaskThread$WrappingRunnable.run(TaskThread.java:63)
	at java.base/java.lang.Thread.run(Thread.java:1583)
2025-10-21 11:02:14.774 [SpringApplicationShutdownHook] INFO  o.s.boot.web.embedded.tomcat.GracefulShutdown - Commencing graceful shutdown. Waiting for active requests to complete
2025-10-21 11:02:14.779 [tomcat-shutdown] INFO  o.s.boot.web.embedded.tomcat.GracefulShutdown - Graceful shutdown complete
2025-10-21 11:02:14.802 [SpringApplicationShutdownHook] INFO  com.zaxxer.hikari.HikariDataSource - HikariCP-Blog - Shutdown initiated...
2025-10-21 11:02:14.804 [SpringApplicationShutdownHook] INFO  com.zaxxer.hikari.HikariDataSource - HikariCP-Blog - Shutdown completed.
2025-10-21 11:02:17.253 [main] INFO  [] chat.liuxin.liutech.LiuTechApplication - Starting LiuTechApplication using Java 21.0.5 with PID 17464 (F:\工程代码\Liutech\LiuTech\target\classes started by Administrator in F:\工程代码\Liutech\LiuTech)
2025-10-21 11:02:17.255 [main] INFO  [] chat.liuxin.liutech.LiuTechApplication - The following 1 profile is active: "dev"
2025-10-21 11:02:18.319 [main] INFO  [] o.s.d.r.config.RepositoryConfigurationDelegate - Multiple Spring Data modules found, entering strict repository configuration mode
2025-10-21 11:02:18.325 [main] INFO  [] o.s.d.r.config.RepositoryConfigurationDelegate - Bootstrapping Spring Data Redis repositories in DEFAULT mode.
2025-10-21 11:02:18.369 [main] INFO  [] o.s.d.r.config.RepositoryConfigurationDelegate - Finished Spring Data repository scanning in 23 ms. Found 0 Redis repository interfaces.
2025-10-21 11:02:19.398 [main] INFO  [] o.s.boot.web.embedded.tomcat.TomcatWebServer - Tomcat initialized with port 8080 (http)
2025-10-21 11:02:19.426 [main] INFO  [] org.apache.coyote.http11.Http11NioProtocol - Initializing ProtocolHandler ["http-nio-8080"]
2025-10-21 11:02:19.431 [main] INFO  [] org.apache.catalina.core.StandardService - Starting service [Tomcat]
2025-10-21 11:02:19.432 [main] INFO  [] org.apache.catalina.core.StandardEngine - Starting Servlet engine: [Apache Tomcat/10.1.46]
2025-10-21 11:02:19.512 [main] INFO  [] o.a.c.core.ContainerBase.[Tomcat].[localhost].[/] - Initializing Spring embedded WebApplicationContext
2025-10-21 11:02:19.513 [main] INFO  [] o.s.b.w.s.c.ServletWebServerApplicationContext - Root WebApplicationContext: initialization completed in 2224 ms
2025-10-21 11:02:20.222 [main] DEBUG [] c.b.m.e.spring.MybatisSqlSessionFactoryBean - Registered plugin: 'MybatisPlusInterceptor{interceptors=[PaginationInnerInterceptor(logger=org.apache.ibatis.logging.slf4j.Slf4jImpl@615c4ea4, overflow=false, maxLimit=500, dbType=MYSQL, dialect=null, optimizeJoin=true), com.baomidou.mybatisplus.extension.plugins.inner.OptimisticLockerInnerInterceptor@2842c098]}'
2025-10-21 11:02:20.531 [main] DEBUG [] c.b.m.e.spring.MybatisSqlSessionFactoryBean - Parsed mapper file: 'file [F:\工程代码\Liutech\LiuTech\target\classes\mapper\CategoriesMapper.xml]'
2025-10-21 11:02:20.573 [main] DEBUG [] c.b.m.e.spring.MybatisSqlSessionFactoryBean - Parsed mapper file: 'file [F:\工程代码\Liutech\LiuTech\target\classes\mapper\CommentsMapper.xml]'
2025-10-21 11:02:20.589 [main] DEBUG [] c.b.m.e.spring.MybatisSqlSessionFactoryBean - Parsed mapper file: 'file [F:\工程代码\Liutech\LiuTech\target\classes\mapper\PostAttachmentsMapper.xml]'
2025-10-21 11:02:20.608 [main] DEBUG [] c.b.m.e.spring.MybatisSqlSessionFactoryBean - Parsed mapper file: 'file [F:\工程代码\Liutech\LiuTech\target\classes\mapper\PostFavoritesMapper.xml]'
2025-10-21 11:02:20.621 [main] DEBUG [] c.b.m.e.spring.MybatisSqlSessionFactoryBean - Parsed mapper file: 'file [F:\工程代码\Liutech\LiuTech\target\classes\mapper\PostLikesMapper.xml]'
2025-10-21 11:02:20.658 [main] ERROR [] c.baomidou.mybatisplus.core.MybatisConfiguration - mapper[chat.liuxin.liutech.mapper.PostsMapper.selectLatestPostListResl] is ignored, because it exists, maybe from xml file
2025-10-21 11:02:20.683 [main] DEBUG [] c.b.m.e.spring.MybatisSqlSessionFactoryBean - Parsed mapper file: 'file [F:\工程代码\Liutech\LiuTech\target\classes\mapper\PostsMapper.xml]'
2025-10-21 11:02:20.692 [main] WARN  [] c.b.mybatisplus.core.injector.DefaultSqlInjector - class chat.liuxin.liutech.model.PostTags ,Not found @TableId annotation, Cannot use Mybatis-Plus 'xxById' Method.
2025-10-21 11:02:20.698 [main] DEBUG [] c.b.m.e.spring.MybatisSqlSessionFactoryBean - Parsed mapper file: 'file [F:\工程代码\Liutech\LiuTech\target\classes\mapper\PostTagsMapper.xml]'
2025-10-21 11:02:20.717 [main] DEBUG [] c.b.m.e.spring.MybatisSqlSessionFactoryBean - Parsed mapper file: 'file [F:\工程代码\Liutech\LiuTech\target\classes\mapper\ResourceDownloadsMapper.xml]'
2025-10-21 11:02:20.738 [main] DEBUG [] c.b.m.e.spring.MybatisSqlSessionFactoryBean - Parsed mapper file: 'file [F:\工程代码\Liutech\LiuTech\target\classes\mapper\TagsMapper.xml]'
2025-10-21 11:02:20.758 [main] DEBUG [] c.b.m.e.spring.MybatisSqlSessionFactoryBean - Parsed mapper file: 'file [F:\工程代码\Liutech\LiuTech\target\classes\mapper\UserMapper.xml]'
2025-10-21 11:02:22.408 [main] INFO  [] o.s.b.actuate.endpoint.web.EndpointLinksResolver - Exposing 1 endpoint beneath base path '/actuator'
2025-10-21 11:02:22.460 [main] WARN  [] o.s.b.a.s.s.UserDetailsServiceAutoConfiguration - 

Using generated security password: 650c01ea-dd47-4c78-9bca-8f0f5c4837f7

This generated password is for development use only. Your security configuration must be updated before running your application in production.

2025-10-21 11:02:22.584 [main] WARN  [] o.s.b.w.s.c.AnnotationConfigServletWebServerApplicationContext - Exception encountered during context initialization - cancelling refresh attempt: org.springframework.beans.factory.UnsatisfiedDependencyException: Error creating bean with name 'org.springframework.security.config.annotation.web.configuration.WebSecurityConfiguration': Unsatisfied dependency expressed through method 'setFilterChains' parameter 0: Error creating bean with name 'filterChain' defined in class path resource [chat/liuxin/liutech/config/SecurityConfig.class]: Failed to instantiate [org.springframework.security.web.SecurityFilterChain]: Factory method 'filterChain' threw exception with message: The Filter class chat.liuxin.liutech.filter.JwtAuthenticationFilter does not have a registered order
2025-10-21 11:02:22.621 [main] INFO  [] org.apache.catalina.core.StandardService - Stopping service [Tomcat]
2025-10-21 11:02:22.646 [main] INFO  [] o.s.b.a.logging.ConditionEvaluationReportLogger - 

Error starting ApplicationContext. To display the condition evaluation report re-run your application with 'debug' enabled.
2025-10-21 11:02:22.687 [main] ERROR [] org.springframework.boot.SpringApplication - Application run failed
org.springframework.beans.factory.UnsatisfiedDependencyException: Error creating bean with name 'org.springframework.security.config.annotation.web.configuration.WebSecurityConfiguration': Unsatisfied dependency expressed through method 'setFilterChains' parameter 0: Error creating bean with name 'filterChain' defined in class path resource [chat/liuxin/liutech/config/SecurityConfig.class]: Failed to instantiate [org.springframework.security.web.SecurityFilterChain]: Factory method 'filterChain' threw exception with message: The Filter class chat.liuxin.liutech.filter.JwtAuthenticationFilter does not have a registered order
	at org.springframework.beans.factory.annotation.AutowiredAnnotationBeanPostProcessor$AutowiredMethodElement.resolveMethodArguments(AutowiredAnnotationBeanPostProcessor.java:896)
	at org.springframework.beans.factory.annotation.AutowiredAnnotationBeanPostProcessor$AutowiredMethodElement.inject(AutowiredAnnotationBeanPostProcessor.java:849)
	at org.springframework.beans.factory.annotation.InjectionMetadata.inject(InjectionMetadata.java:146)
	at org.springframework.beans.factory.annotation.AutowiredAnnotationBeanPostProcessor.postProcessProperties(AutowiredAnnotationBeanPostProcessor.java:509)
	at org.springframework.beans.factory.support.AbstractAutowireCapableBeanFactory.populateBean(AbstractAutowireCapableBeanFactory.java:1459)
	at org.springframework.beans.factory.support.AbstractAutowireCapableBeanFactory.doCreateBean(AbstractAutowireCapableBeanFactory.java:606)
	at org.springframework.beans.factory.support.AbstractAutowireCapableBeanFactory.createBean(AbstractAutowireCapableBeanFactory.java:529)
	at org.springframework.beans.factory.support.AbstractBeanFactory.lambda$doGetBean$0(AbstractBeanFactory.java:339)
	at org.springframework.beans.factory.support.DefaultSingletonBeanRegistry.getSingleton(DefaultSingletonBeanRegistry.java:373)
	at org.springframework.beans.factory.support.AbstractBeanFactory.doGetBean(AbstractBeanFactory.java:337)
	at org.springframework.beans.factory.support.AbstractBeanFactory.getBean(AbstractBeanFactory.java:202)
	at org.springframework.beans.factory.support.DefaultListableBeanFactory.instantiateSingleton(DefaultListableBeanFactory.java:1222)
	at org.springframework.beans.factory.support.DefaultListableBeanFactory.preInstantiateSingleton(DefaultListableBeanFactory.java:1188)
	at org.springframework.beans.factory.support.DefaultListableBeanFactory.preInstantiateSingletons(DefaultListableBeanFactory.java:1123)
	at org.springframework.context.support.AbstractApplicationContext.finishBeanFactoryInitialization(AbstractApplicationContext.java:987)
	at org.springframework.context.support.AbstractApplicationContext.refresh(AbstractApplicationContext.java:627)
	at org.springframework.boot.web.servlet.context.ServletWebServerApplicationContext.refresh(ServletWebServerApplicationContext.java:146)
	at org.springframework.boot.SpringApplication.refresh(SpringApplication.java:752)
	at org.springframework.boot.SpringApplication.refreshContext(SpringApplication.java:439)
	at org.springframework.boot.SpringApplication.run(SpringApplication.java:318)
	at org.springframework.boot.SpringApplication.run(SpringApplication.java:1361)
	at org.springframework.boot.SpringApplication.run(SpringApplication.java:1350)
	at chat.liuxin.liutech.LiuTechApplication.main(LiuTechApplication.java:11)
Caused by: org.springframework.beans.factory.BeanCreationException: Error creating bean with name 'filterChain' defined in class path resource [chat/liuxin/liutech/config/SecurityConfig.class]: Failed to instantiate [org.springframework.security.web.SecurityFilterChain]: Factory method 'filterChain' threw exception with message: The Filter class chat.liuxin.liutech.filter.JwtAuthenticationFilter does not have a registered order
	at org.springframework.beans.factory.support.ConstructorResolver.instantiate(ConstructorResolver.java:657)
	at org.springframework.beans.factory.support.ConstructorResolver.instantiateUsingFactoryMethod(ConstructorResolver.java:645)
	at org.springframework.beans.factory.support.AbstractAutowireCapableBeanFactory.instantiateUsingFactoryMethod(AbstractAutowireCapableBeanFactory.java:1375)
	at org.springframework.beans.factory.support.AbstractAutowireCapableBeanFactory.createBeanInstance(AbstractAutowireCapableBeanFactory.java:1205)
	at org.springframework.beans.factory.support.AbstractAutowireCapableBeanFactory.doCreateBean(AbstractAutowireCapableBeanFactory.java:569)
	at org.springframework.beans.factory.support.AbstractAutowireCapableBeanFactory.createBean(AbstractAutowireCapableBeanFactory.java:529)
	at org.springframework.beans.factory.support.AbstractBeanFactory.lambda$doGetBean$0(AbstractBeanFactory.java:339)
	at org.springframework.beans.factory.support.DefaultSingletonBeanRegistry.getSingleton(DefaultSingletonBeanRegistry.java:373)
	at org.springframework.beans.factory.support.AbstractBeanFactory.doGetBean(AbstractBeanFactory.java:337)
	at org.springframework.beans.factory.support.AbstractBeanFactory.getBean(AbstractBeanFactory.java:202)
	at org.springframework.beans.factory.config.DependencyDescriptor.resolveCandidate(DependencyDescriptor.java:254)
	at org.springframework.beans.factory.support.DefaultListableBeanFactory.addCandidateEntry(DefaultListableBeanFactory.java:1996)
	at org.springframework.beans.factory.support.DefaultListableBeanFactory.findAutowireCandidates(DefaultListableBeanFactory.java:1960)
	at org.springframework.beans.factory.support.DefaultListableBeanFactory.resolveMultipleBeanCollection(DefaultListableBeanFactory.java:1850)
	at org.springframework.beans.factory.support.DefaultListableBeanFactory.resolveMultipleBeans(DefaultListableBeanFactory.java:1818)
	at org.springframework.beans.factory.support.DefaultListableBeanFactory.doResolveDependency(DefaultListableBeanFactory.java:1694)
	at org.springframework.beans.factory.support.DefaultListableBeanFactory.resolveDependency(DefaultListableBeanFactory.java:1628)
	at org.springframework.beans.factory.annotation.AutowiredAnnotationBeanPostProcessor$AutowiredMethodElement.resolveMethodArguments(AutowiredAnnotationBeanPostProcessor.java:888)
	... 22 common frames omitted
Caused by: org.springframework.beans.BeanInstantiationException: Failed to instantiate [org.springframework.security.web.SecurityFilterChain]: Factory method 'filterChain' threw exception with message: The Filter class chat.liuxin.liutech.filter.JwtAuthenticationFilter does not have a registered order
	at org.springframework.beans.factory.support.SimpleInstantiationStrategy.lambda$instantiate$0(SimpleInstantiationStrategy.java:200)
	at org.springframework.beans.factory.support.SimpleInstantiationStrategy.instantiateWithFactoryMethod(SimpleInstantiationStrategy.java:89)
	at org.springframework.beans.factory.support.SimpleInstantiationStrategy.instantiate(SimpleInstantiationStrategy.java:169)
	at org.springframework.beans.factory.support.ConstructorResolver.instantiate(ConstructorResolver.java:653)
	... 39 common frames omitted
Caused by: java.lang.IllegalArgumentException: The Filter class chat.liuxin.liutech.filter.JwtAuthenticationFilter does not have a registered order
	at org.springframework.security.config.annotation.web.builders.HttpSecurity.addFilterAtOffsetOf(HttpSecurity.java:3406)
	at org.springframework.security.config.annotation.web.builders.HttpSecurity.addFilterBefore(HttpSecurity.java:3399)
	at chat.liuxin.liutech.config.SecurityConfig.filterChain(SecurityConfig.java:110)
	at chat.liuxin.liutech.config.SecurityConfig$$SpringCGLIB$$0.CGLIB$filterChain$2(<generated>)
	at chat.liuxin.liutech.config.SecurityConfig$$SpringCGLIB$$FastClass$$1.invoke(<generated>)
	at org.springframework.cglib.proxy.MethodProxy.invokeSuper(MethodProxy.java:258)
	at org.springframework.context.annotation.ConfigurationClassEnhancer$BeanMethodInterceptor.intercept(ConfigurationClassEnhancer.java:400)
	at chat.liuxin.liutech.config.SecurityConfig$$SpringCGLIB$$0.filterChain(<generated>)
	at java.base/jdk.internal.reflect.DirectMethodHandleAccessor.invoke(DirectMethodHandleAccessor.java:103)
	at java.base/java.lang.reflect.Method.invoke(Method.java:580)
	at org.springframework.beans.factory.support.SimpleInstantiationStrategy.lambda$instantiate$0(SimpleInstantiationStrategy.java:172)
	... 42 common frames omitted
2025-10-21 11:04:11.510 [main] INFO  [] chat.liuxin.liutech.LiuTechApplication - Starting LiuTechApplication using Java 21.0.5 with PID 9976 (F:\工程代码\Liutech\LiuTech\target\classes started by Administrator in F:\工程代码\Liutech\LiuTech)
2025-10-21 11:04:11.512 [main] INFO  [] chat.liuxin.liutech.LiuTechApplication - The following 1 profile is active: "dev"
2025-10-21 11:04:12.163 [main] INFO  [] o.s.d.r.config.RepositoryConfigurationDelegate - Multiple Spring Data modules found, entering strict repository configuration mode
2025-10-21 11:04:12.165 [main] INFO  [] o.s.d.r.config.RepositoryConfigurationDelegate - Bootstrapping Spring Data Redis repositories in DEFAULT mode.
2025-10-21 11:04:12.195 [main] INFO  [] o.s.d.r.config.RepositoryConfigurationDelegate - Finished Spring Data repository scanning in 18 ms. Found 0 Redis repository interfaces.
2025-10-21 11:04:12.746 [main] INFO  [] o.s.boot.web.embedded.tomcat.TomcatWebServer - Tomcat initialized with port 8080 (http)
2025-10-21 11:04:12.757 [main] INFO  [] org.apache.coyote.http11.Http11NioProtocol - Initializing ProtocolHandler ["http-nio-8080"]
2025-10-21 11:04:12.759 [main] INFO  [] org.apache.catalina.core.StandardService - Starting service [Tomcat]
2025-10-21 11:04:12.759 [main] INFO  [] org.apache.catalina.core.StandardEngine - Starting Servlet engine: [Apache Tomcat/10.1.46]
2025-10-21 11:04:12.795 [main] INFO  [] o.a.c.core.ContainerBase.[Tomcat].[localhost].[/] - Initializing Spring embedded WebApplicationContext
2025-10-21 11:04:12.796 [main] INFO  [] o.s.b.w.s.c.ServletWebServerApplicationContext - Root WebApplicationContext: initialization completed in 1254 ms
2025-10-21 11:04:13.031 [main] DEBUG [] c.b.m.e.spring.MybatisSqlSessionFactoryBean - Registered plugin: 'MybatisPlusInterceptor{interceptors=[PaginationInnerInterceptor(logger=org.apache.ibatis.logging.slf4j.Slf4jImpl@22361e23, overflow=false, maxLimit=500, dbType=MYSQL, dialect=null, optimizeJoin=true), com.baomidou.mybatisplus.extension.plugins.inner.OptimisticLockerInnerInterceptor@340b4f07]}'
2025-10-21 11:04:13.132 [main] DEBUG [] c.b.m.e.spring.MybatisSqlSessionFactoryBean - Parsed mapper file: 'file [F:\工程代码\Liutech\LiuTech\target\classes\mapper\CategoriesMapper.xml]'
2025-10-21 11:04:13.159 [main] DEBUG [] c.b.m.e.spring.MybatisSqlSessionFactoryBean - Parsed mapper file: 'file [F:\工程代码\Liutech\LiuTech\target\classes\mapper\CommentsMapper.xml]'
2025-10-21 11:04:13.177 [main] DEBUG [] c.b.m.e.spring.MybatisSqlSessionFactoryBean - Parsed mapper file: 'file [F:\工程代码\Liutech\LiuTech\target\classes\mapper\PostAttachmentsMapper.xml]'
2025-10-21 11:04:13.191 [main] DEBUG [] c.b.m.e.spring.MybatisSqlSessionFactoryBean - Parsed mapper file: 'file [F:\工程代码\Liutech\LiuTech\target\classes\mapper\PostFavoritesMapper.xml]'
2025-10-21 11:04:13.204 [main] DEBUG [] c.b.m.e.spring.MybatisSqlSessionFactoryBean - Parsed mapper file: 'file [F:\工程代码\Liutech\LiuTech\target\classes\mapper\PostLikesMapper.xml]'
2025-10-21 11:04:13.216 [main] ERROR [] c.baomidou.mybatisplus.core.MybatisConfiguration - mapper[chat.liuxin.liutech.mapper.PostsMapper.selectLatestPostListResl] is ignored, because it exists, maybe from xml file
2025-10-21 11:04:13.230 [main] DEBUG [] c.b.m.e.spring.MybatisSqlSessionFactoryBean - Parsed mapper file: 'file [F:\工程代码\Liutech\LiuTech\target\classes\mapper\PostsMapper.xml]'
2025-10-21 11:04:13.233 [main] WARN  [] c.b.mybatisplus.core.injector.DefaultSqlInjector - class chat.liuxin.liutech.model.PostTags ,Not found @TableId annotation, Cannot use Mybatis-Plus 'xxById' Method.
2025-10-21 11:04:13.237 [main] DEBUG [] c.b.m.e.spring.MybatisSqlSessionFactoryBean - Parsed mapper file: 'file [F:\工程代码\Liutech\LiuTech\target\classes\mapper\PostTagsMapper.xml]'
2025-10-21 11:04:13.248 [main] DEBUG [] c.b.m.e.spring.MybatisSqlSessionFactoryBean - Parsed mapper file: 'file [F:\工程代码\Liutech\LiuTech\target\classes\mapper\ResourceDownloadsMapper.xml]'
2025-10-21 11:04:13.265 [main] DEBUG [] c.b.m.e.spring.MybatisSqlSessionFactoryBean - Parsed mapper file: 'file [F:\工程代码\Liutech\LiuTech\target\classes\mapper\TagsMapper.xml]'
2025-10-21 11:04:13.276 [main] DEBUG [] c.b.m.e.spring.MybatisSqlSessionFactoryBean - Parsed mapper file: 'file [F:\工程代码\Liutech\LiuTech\target\classes\mapper\UserMapper.xml]'
2025-10-21 11:04:14.165 [main] INFO  [] o.s.b.actuate.endpoint.web.EndpointLinksResolver - Exposing 1 endpoint beneath base path '/actuator'
2025-10-21 11:04:14.200 [main] WARN  [] o.s.b.a.s.s.UserDetailsServiceAutoConfiguration - 

Using generated security password: 9686cf2e-af0e-4c44-94c3-6b3f31521377

This generated password is for development use only. Your security configuration must be updated before running your application in production.

2025-10-21 11:04:14.393 [main] INFO  [] c.b.m.e.spring.MybatisPlusApplicationContextAware - Register ApplicationContext instances org.springframework.boot.web.servlet.context.AnnotationConfigServletWebServerApplicationContext@1992eaf4
2025-10-21 11:04:14.660 [main] INFO  [] org.apache.coyote.http11.Http11NioProtocol - Starting ProtocolHandler ["http-nio-8080"]
2025-10-21 11:04:14.672 [main] INFO  [] o.s.boot.web.embedded.tomcat.TomcatWebServer - Tomcat started on port 8080 (http) with context path '/'
2025-10-21 11:04:14.681 [main] INFO  [] chat.liuxin.liutech.LiuTechApplication - Started LiuTechApplication in 3.55 seconds (process running for 3.744)
2025-10-21 11:04:27.335 [http-nio-8080-exec-1] INFO  [] o.a.c.core.ContainerBase.[Tomcat].[localhost].[/] - Initializing Spring DispatcherServlet 'dispatcherServlet'
2025-10-21 11:04:27.356 [http-nio-8080-exec-1] INFO  [374690d1475c447e] chat.liuxin.liutech.filter.RequestTraceFilter - 请求开始: GET / [traceId=374690d1475c447e]
2025-10-21 11:04:27.357 [http-nio-8080-exec-1] INFO  [374690d1475c447e] c.liuxin.liutech.filter.JwtAuthenticationFilter - 处理请求: GET /
2025-10-21 11:04:27.357 [http-nio-8080-exec-1] INFO  [374690d1475c447e] c.liuxin.liutech.filter.JwtAuthenticationFilter - 跳过JWT验证的公开接口: GET /
2025-10-21 11:04:27.376 [http-nio-8080-exec-1] INFO  [374690d1475c447e] chat.liuxin.liutech.aspect.RequestTimingAspect - ========== 请求开始 ==========
2025-10-21 11:04:27.377 [http-nio-8080-exec-1] INFO  [374690d1475c447e] chat.liuxin.liutech.aspect.RequestTimingAspect - 请求URL: GET http://localhost:8080/
2025-10-21 11:04:27.377 [http-nio-8080-exec-1] INFO  [374690d1475c447e] chat.liuxin.liutech.aspect.RequestTimingAspect - 调用方法: HomeController.home
2025-10-21 11:04:27.377 [http-nio-8080-exec-1] INFO  [374690d1475c447e] chat.liuxin.liutech.aspect.RequestTimingAspect - 客户端IP: 0:0:0:0:0:0:0:1
2025-10-21 11:04:27.377 [http-nio-8080-exec-1] INFO  [374690d1475c447e] chat.liuxin.liutech.aspect.RequestTimingAspect - 开始时间: Tue Oct 21 11:04:27 CST 2025
2025-10-21 11:04:27.378 [http-nio-8080-exec-1] INFO  [374690d1475c447e] chat.liuxin.liutech.controller.web.HomeController - 访问首页
2025-10-21 11:04:27.378 [http-nio-8080-exec-1] INFO  [374690d1475c447e] chat.liuxin.liutech.aspect.RequestTimingAspect - ========== 请求结束 ==========
2025-10-21 11:04:27.378 [http-nio-8080-exec-1] INFO  [374690d1475c447e] chat.liuxin.liutech.aspect.RequestTimingAspect - 结束时间: Tue Oct 21 11:04:27 CST 2025
2025-10-21 11:04:27.379 [http-nio-8080-exec-1] INFO  [374690d1475c447e] chat.liuxin.liutech.aspect.RequestTimingAspect - 执行耗时: 2 ms
2025-10-21 11:04:27.379 [http-nio-8080-exec-1] INFO  [374690d1475c447e] chat.liuxin.liutech.aspect.RequestTimingAspect - 执行状态: 成功
2025-10-21 11:04:27.379 [http-nio-8080-exec-1] INFO  [374690d1475c447e] chat.liuxin.liutech.aspect.RequestTimingAspect - ================================
2025-10-21 11:04:27.418 [http-nio-8080-exec-1] INFO  [374690d1475c447e] chat.liuxin.liutech.filter.RequestTraceFilter - 请求结束: GET / [traceId=374690d1475c447e] - 用时: 62 ms
2025-10-21 11:05:20.315 [main] INFO  [] chat.liuxin.liutech.LiuTechApplication - Starting LiuTechApplication using Java 21.0.5 with PID 10436 (F:\工程代码\Liutech\LiuTech\target\classes started by Administrator in F:\工程代码\Liutech\LiuTech)
2025-10-21 11:05:20.317 [main] INFO  [] chat.liuxin.liutech.LiuTechApplication - The following 1 profile is active: "dev"
2025-10-21 11:05:20.954 [main] INFO  [] o.s.d.r.config.RepositoryConfigurationDelegate - Multiple Spring Data modules found, entering strict repository configuration mode
2025-10-21 11:05:20.956 [main] INFO  [] o.s.d.r.config.RepositoryConfigurationDelegate - Bootstrapping Spring Data Redis repositories in DEFAULT mode.
2025-10-21 11:05:20.988 [main] INFO  [] o.s.d.r.config.RepositoryConfigurationDelegate - Finished Spring Data repository scanning in 21 ms. Found 0 Redis repository interfaces.
2025-10-21 11:05:21.532 [main] INFO  [] o.s.boot.web.embedded.tomcat.TomcatWebServer - Tomcat initialized with port 8080 (http)
2025-10-21 11:05:21.541 [main] INFO  [] org.apache.coyote.http11.Http11NioProtocol - Initializing ProtocolHandler ["http-nio-8080"]
2025-10-21 11:05:21.543 [main] INFO  [] org.apache.catalina.core.StandardService - Starting service [Tomcat]
2025-10-21 11:05:21.544 [main] INFO  [] org.apache.catalina.core.StandardEngine - Starting Servlet engine: [Apache Tomcat/10.1.46]
2025-10-21 11:05:21.579 [main] INFO  [] o.a.c.core.ContainerBase.[Tomcat].[localhost].[/] - Initializing Spring embedded WebApplicationContext
2025-10-21 11:05:21.579 [main] INFO  [] o.s.b.w.s.c.ServletWebServerApplicationContext - Root WebApplicationContext: initialization completed in 1232 ms
2025-10-21 11:05:21.812 [main] DEBUG [] c.b.m.e.spring.MybatisSqlSessionFactoryBean - Registered plugin: 'MybatisPlusInterceptor{interceptors=[PaginationInnerInterceptor(logger=org.apache.ibatis.logging.slf4j.Slf4jImpl@70ecf57b, overflow=false, maxLimit=500, dbType=MYSQL, dialect=null, optimizeJoin=true), com.baomidou.mybatisplus.extension.plugins.inner.OptimisticLockerInnerInterceptor@2fcc5f49]}'
2025-10-21 11:05:21.901 [main] DEBUG [] c.b.m.e.spring.MybatisSqlSessionFactoryBean - Parsed mapper file: 'file [F:\工程代码\Liutech\LiuTech\target\classes\mapper\CategoriesMapper.xml]'
2025-10-21 11:05:21.926 [main] DEBUG [] c.b.m.e.spring.MybatisSqlSessionFactoryBean - Parsed mapper file: 'file [F:\工程代码\Liutech\LiuTech\target\classes\mapper\CommentsMapper.xml]'
2025-10-21 11:05:21.940 [main] DEBUG [] c.b.m.e.spring.MybatisSqlSessionFactoryBean - Parsed mapper file: 'file [F:\工程代码\Liutech\LiuTech\target\classes\mapper\PostAttachmentsMapper.xml]'
2025-10-21 11:05:21.957 [main] DEBUG [] c.b.m.e.spring.MybatisSqlSessionFactoryBean - Parsed mapper file: 'file [F:\工程代码\Liutech\LiuTech\target\classes\mapper\PostFavoritesMapper.xml]'
2025-10-21 11:05:21.971 [main] DEBUG [] c.b.m.e.spring.MybatisSqlSessionFactoryBean - Parsed mapper file: 'file [F:\工程代码\Liutech\LiuTech\target\classes\mapper\PostLikesMapper.xml]'
2025-10-21 11:05:21.984 [main] ERROR [] c.baomidou.mybatisplus.core.MybatisConfiguration - mapper[chat.liuxin.liutech.mapper.PostsMapper.selectLatestPostListResl] is ignored, because it exists, maybe from xml file
2025-10-21 11:05:22.000 [main] DEBUG [] c.b.m.e.spring.MybatisSqlSessionFactoryBean - Parsed mapper file: 'file [F:\工程代码\Liutech\LiuTech\target\classes\mapper\PostsMapper.xml]'
2025-10-21 11:05:22.005 [main] WARN  [] c.b.mybatisplus.core.injector.DefaultSqlInjector - class chat.liuxin.liutech.model.PostTags ,Not found @TableId annotation, Cannot use Mybatis-Plus 'xxById' Method.
2025-10-21 11:05:22.009 [main] DEBUG [] c.b.m.e.spring.MybatisSqlSessionFactoryBean - Parsed mapper file: 'file [F:\工程代码\Liutech\LiuTech\target\classes\mapper\PostTagsMapper.xml]'
2025-10-21 11:05:22.021 [main] DEBUG [] c.b.m.e.spring.MybatisSqlSessionFactoryBean - Parsed mapper file: 'file [F:\工程代码\Liutech\LiuTech\target\classes\mapper\ResourceDownloadsMapper.xml]'
2025-10-21 11:05:22.035 [main] DEBUG [] c.b.m.e.spring.MybatisSqlSessionFactoryBean - Parsed mapper file: 'file [F:\工程代码\Liutech\LiuTech\target\classes\mapper\TagsMapper.xml]'
2025-10-21 11:05:22.049 [main] DEBUG [] c.b.m.e.spring.MybatisSqlSessionFactoryBean - Parsed mapper file: 'file [F:\工程代码\Liutech\LiuTech\target\classes\mapper\UserMapper.xml]'
2025-10-21 11:05:22.995 [main] INFO  [] o.s.b.actuate.endpoint.web.EndpointLinksResolver - Exposing 1 endpoint beneath base path '/actuator'
2025-10-21 11:05:23.028 [main] WARN  [] o.s.b.a.s.s.UserDetailsServiceAutoConfiguration - 

Using generated security password: e18afea5-6b10-44fb-80a2-f0f117b013c7

This generated password is for development use only. Your security configuration must be updated before running your application in production.

2025-10-21 11:05:23.212 [main] INFO  [] c.b.m.e.spring.MybatisPlusApplicationContextAware - Register ApplicationContext instances org.springframework.boot.web.servlet.context.AnnotationConfigServletWebServerApplicationContext@1992eaf4
2025-10-21 11:05:23.451 [main] INFO  [] org.apache.coyote.http11.Http11NioProtocol - Starting ProtocolHandler ["http-nio-8080"]
2025-10-21 11:05:23.475 [main] INFO  [] o.s.boot.web.embedded.tomcat.TomcatWebServer - Tomcat started on port 8080 (http) with context path '/'
2025-10-21 11:05:23.491 [main] INFO  [] chat.liuxin.liutech.LiuTechApplication - Started LiuTechApplication in 3.536 seconds (process running for 3.735)
2025-10-21 11:05:29.284 [http-nio-8080-exec-1] INFO  [] o.a.c.core.ContainerBase.[Tomcat].[localhost].[/] - Initializing Spring DispatcherServlet 'dispatcherServlet'
2025-10-21 11:05:29.304 [http-nio-8080-exec-1] INFO  [b6a56b67a2eb48a8] chat.liuxin.liutech.filter.RequestTraceFilter - 请求开始: GET / [traceId=b6a56b67a2eb48a8]
2025-10-21 11:05:29.305 [http-nio-8080-exec-1] INFO  [b6a56b67a2eb48a8] c.liuxin.liutech.filter.JwtAuthenticationFilter - 处理请求: GET /
2025-10-21 11:05:29.306 [http-nio-8080-exec-1] INFO  [b6a56b67a2eb48a8] c.liuxin.liutech.filter.JwtAuthenticationFilter - 跳过JWT验证的公开接口: GET /
2025-10-21 11:05:29.321 [http-nio-8080-exec-1] INFO  [b6a56b67a2eb48a8] chat.liuxin.liutech.aspect.RequestTimingAspect - ========== 请求开始 ==========
2025-10-21 11:05:29.322 [http-nio-8080-exec-1] INFO  [b6a56b67a2eb48a8] chat.liuxin.liutech.aspect.RequestTimingAspect - 请求URL: GET http://localhost:8080/
2025-10-21 11:05:29.322 [http-nio-8080-exec-1] INFO  [b6a56b67a2eb48a8] chat.liuxin.liutech.aspect.RequestTimingAspect - 调用方法: HomeController.home
2025-10-21 11:05:29.322 [http-nio-8080-exec-1] INFO  [b6a56b67a2eb48a8] chat.liuxin.liutech.aspect.RequestTimingAspect - 客户端IP: 0:0:0:0:0:0:0:1
2025-10-21 11:05:29.323 [http-nio-8080-exec-1] INFO  [b6a56b67a2eb48a8] chat.liuxin.liutech.aspect.RequestTimingAspect - 开始时间: Tue Oct 21 11:05:29 CST 2025
2025-10-21 11:05:29.323 [http-nio-8080-exec-1] INFO  [b6a56b67a2eb48a8] chat.liuxin.liutech.controller.web.HomeController - 访问首页
2025-10-21 11:05:29.324 [http-nio-8080-exec-1] INFO  [b6a56b67a2eb48a8] chat.liuxin.liutech.aspect.RequestTimingAspect - ========== 请求结束 ==========
2025-10-21 11:05:29.324 [http-nio-8080-exec-1] INFO  [b6a56b67a2eb48a8] chat.liuxin.liutech.aspect.RequestTimingAspect - 结束时间: Tue Oct 21 11:05:29 CST 2025
2025-10-21 11:05:29.324 [http-nio-8080-exec-1] INFO  [b6a56b67a2eb48a8] chat.liuxin.liutech.aspect.RequestTimingAspect - 执行耗时: 3 ms
2025-10-21 11:05:29.324 [http-nio-8080-exec-1] INFO  [b6a56b67a2eb48a8] chat.liuxin.liutech.aspect.RequestTimingAspect - 执行状态: 成功
2025-10-21 11:05:29.325 [http-nio-8080-exec-1] INFO  [b6a56b67a2eb48a8] chat.liuxin.liutech.aspect.RequestTimingAspect - ================================
2025-10-21 11:05:29.360 [http-nio-8080-exec-1] INFO  [b6a56b67a2eb48a8] chat.liuxin.liutech.filter.RequestTraceFilter - 请求结束: GET / [traceId=b6a56b67a2eb48a8] - 用时: 56 ms
